{"/Users/j/Desktop/2021_Kode_Tut/CafLaM_MEAN_Stack/app.js": {"path":"/Users/j/Desktop/2021_Kode_Tut/CafLaM_MEAN_Stack/app.js","statementMap":{"0":{"start":{"line":1,"column":18},"end":{"line":1,"column":40}},"1":{"start":{"line":2,"column":14},"end":{"line":2,"column":32}},"2":{"start":{"line":3,"column":11},"end":{"line":3,"column":26}},"3":{"start":{"line":4,"column":13},"end":{"line":4,"column":28}},"4":{"start":{"line":5,"column":19},"end":{"line":5,"column":43}},"5":{"start":{"line":6,"column":13},"end":{"line":6,"column":30}},"6":{"start":{"line":7,"column":0},"end":{"line":7,"column":27}},"7":{"start":{"line":10,"column":18},"end":{"line":10,"column":43}},"8":{"start":{"line":11,"column":18},"end":{"line":11,"column":43}},"9":{"start":{"line":12,"column":22},"end":{"line":12,"column":51}},"10":{"start":{"line":13,"column":22},"end":{"line":13,"column":51}},"11":{"start":{"line":15,"column":23},"end":{"line":15,"column":53}},"12":{"start":{"line":16,"column":22},"end":{"line":16,"column":51}},"13":{"start":{"line":17,"column":19},"end":{"line":17,"column":45}},"14":{"start":{"line":28,"column":10},"end":{"line":28,"column":19}},"15":{"start":{"line":29,"column":0},"end":{"line":29,"column":23}},"16":{"start":{"line":30,"column":0},"end":{"line":30,"column":16}},"17":{"start":{"line":31,"column":0},"end":{"line":31,"column":24}},"18":{"start":{"line":32,"column":0},"end":{"line":32,"column":48}},"19":{"start":{"line":33,"column":0},"end":{"line":33,"column":24}},"20":{"start":{"line":36,"column":0},"end":{"line":36,"column":55}},"21":{"start":{"line":37,"column":0},"end":{"line":37,"column":46}},"22":{"start":{"line":38,"column":0},"end":{"line":38,"column":31}},"23":{"start":{"line":40,"column":0},"end":{"line":40,"column":26}},"24":{"start":{"line":41,"column":0},"end":{"line":41,"column":31}},"25":{"start":{"line":42,"column":0},"end":{"line":42,"column":39}},"26":{"start":{"line":43,"column":0},"end":{"line":43,"column":39}},"27":{"start":{"line":45,"column":0},"end":{"line":45,"column":41}},"28":{"start":{"line":46,"column":0},"end":{"line":46,"column":39}},"29":{"start":{"line":49,"column":0},"end":{"line":49,"column":33}},"30":{"start":{"line":52,"column":0},"end":{"line":54,"column":3}},"31":{"start":{"line":53,"column":2},"end":{"line":53,"column":25}},"32":{"start":{"line":57,"column":0},"end":{"line":65,"column":3}},"33":{"start":{"line":59,"column":2},"end":{"line":59,"column":35}},"34":{"start":{"line":60,"column":2},"end":{"line":60,"column":69}},"35":{"start":{"line":63,"column":2},"end":{"line":63,"column":32}},"36":{"start":{"line":64,"column":2},"end":{"line":64,"column":22}},"37":{"start":{"line":67,"column":0},"end":{"line":67,"column":21}}},"fnMap":{"0":{"name":"(anonymous_0)","decl":{"start":{"line":52,"column":8},"end":{"line":52,"column":9}},"loc":{"start":{"line":52,"column":33},"end":{"line":54,"column":1}},"line":52},"1":{"name":"(anonymous_1)","decl":{"start":{"line":57,"column":8},"end":{"line":57,"column":9}},"loc":{"start":{"line":57,"column":38},"end":{"line":65,"column":1}},"line":57}},"branchMap":{"0":{"loc":{"start":{"line":60,"column":21},"end":{"line":60,"column":68}},"type":"cond-expr","locations":[{"start":{"line":60,"column":60},"end":{"line":60,"column":63}},{"start":{"line":60,"column":66},"end":{"line":60,"column":68}}],"line":60},"1":{"loc":{"start":{"line":63,"column":13},"end":{"line":63,"column":30}},"type":"binary-expr","locations":[{"start":{"line":63,"column":13},"end":{"line":63,"column":23}},{"start":{"line":63,"column":27},"end":{"line":63,"column":30}}],"line":63}},"s":{"0":2,"1":2,"2":2,"3":2,"4":2,"5":2,"6":2,"7":2,"8":2,"9":2,"10":2,"11":2,"12":2,"13":2,"14":2,"15":2,"16":2,"17":2,"18":2,"19":2,"20":2,"21":2,"22":2,"23":2,"24":2,"25":2,"26":2,"27":2,"28":2,"29":2,"30":2,"31":6,"32":2,"33":6,"34":6,"35":6,"36":6,"37":2},"f":{"0":6,"1":6},"b":{"0":[0,6],"1":[6,0]},"_coverageSchema":"1a1c01bbd47fc00a2c39e90264f33305004495a9","hash":"bdb2d26be7313d84a07e4fca8254c303890d46da"}
,"/Users/j/Desktop/2021_Kode_Tut/CafLaM_MEAN_Stack/db/index.js": {"path":"/Users/j/Desktop/2021_Kode_Tut/CafLaM_MEAN_Stack/db/index.js","statementMap":{"0":{"start":{"line":1,"column":14},"end":{"line":1,"column":31}},"1":{"start":{"line":2,"column":13},"end":{"line":2,"column":30}},"2":{"start":{"line":3,"column":0},"end":{"line":3,"column":27}},"3":{"start":{"line":5,"column":11},"end":{"line":5,"column":49}},"4":{"start":{"line":6,"column":19},"end":{"line":6,"column":65}},"5":{"start":{"line":8,"column":13},"end":{"line":8,"column":36}},"6":{"start":{"line":9,"column":13},"end":{"line":9,"column":32}},"7":{"start":{"line":10,"column":13},"end":{"line":10,"column":32}},"8":{"start":{"line":11,"column":16},"end":{"line":11,"column":35}},"9":{"start":{"line":12,"column":22},"end":{"line":19,"column":2}},"10":{"start":{"line":20,"column":17},"end":{"line":27,"column":2}},"11":{"start":{"line":28,"column":22},"end":{"line":35,"column":2}},"12":{"start":{"line":36,"column":19},"end":{"line":43,"column":2}},"13":{"start":{"line":45,"column":9},"end":{"line":45,"column":11}},"14":{"start":{"line":47,"column":0},"end":{"line":53,"column":2}},"15":{"start":{"line":48,"column":4},"end":{"line":52,"column":7}},"16":{"start":{"line":49,"column":8},"end":{"line":51,"column":11}},"17":{"start":{"line":50,"column":12},"end":{"line":50,"column":36}},"18":{"start":{"line":55,"column":0},"end":{"line":61,"column":2}},"19":{"start":{"line":56,"column":4},"end":{"line":60,"column":7}},"20":{"start":{"line":57,"column":8},"end":{"line":59,"column":11}},"21":{"start":{"line":58,"column":12},"end":{"line":58,"column":36}},"22":{"start":{"line":63,"column":0},"end":{"line":69,"column":2}},"23":{"start":{"line":64,"column":4},"end":{"line":68,"column":7}},"24":{"start":{"line":65,"column":8},"end":{"line":67,"column":11}},"25":{"start":{"line":66,"column":12},"end":{"line":66,"column":36}},"26":{"start":{"line":71,"column":0},"end":{"line":77,"column":2}},"27":{"start":{"line":72,"column":4},"end":{"line":76,"column":7}},"28":{"start":{"line":73,"column":8},"end":{"line":75,"column":11}},"29":{"start":{"line":74,"column":12},"end":{"line":74,"column":36}},"30":{"start":{"line":79,"column":0},"end":{"line":85,"column":2}},"31":{"start":{"line":80,"column":4},"end":{"line":84,"column":7}},"32":{"start":{"line":81,"column":8},"end":{"line":83,"column":11}},"33":{"start":{"line":82,"column":12},"end":{"line":82,"column":36}},"34":{"start":{"line":87,"column":0},"end":{"line":93,"column":2}},"35":{"start":{"line":88,"column":4},"end":{"line":92,"column":7}},"36":{"start":{"line":89,"column":8},"end":{"line":91,"column":11}},"37":{"start":{"line":90,"column":12},"end":{"line":90,"column":36}},"38":{"start":{"line":94,"column":0},"end":{"line":101,"column":2}},"39":{"start":{"line":95,"column":4},"end":{"line":100,"column":6}},"40":{"start":{"line":96,"column":19},"end":{"line":96,"column":43}},"41":{"start":{"line":97,"column":6},"end":{"line":99,"column":9}},"42":{"start":{"line":98,"column":10},"end":{"line":98,"column":34}},"43":{"start":{"line":103,"column":0},"end":{"line":116,"column":2}},"44":{"start":{"line":104,"column":4},"end":{"line":115,"column":6}},"45":{"start":{"line":105,"column":19},"end":{"line":105,"column":56}},"46":{"start":{"line":107,"column":6},"end":{"line":110,"column":9}},"47":{"start":{"line":109,"column":10},"end":{"line":109,"column":34}},"48":{"start":{"line":112,"column":6},"end":{"line":114,"column":9}},"49":{"start":{"line":113,"column":8},"end":{"line":113,"column":32}},"50":{"start":{"line":118,"column":0},"end":{"line":130,"column":2}},"51":{"start":{"line":119,"column":4},"end":{"line":129,"column":6}},"52":{"start":{"line":120,"column":19},"end":{"line":120,"column":76}},"53":{"start":{"line":122,"column":6},"end":{"line":125,"column":9}},"54":{"start":{"line":124,"column":10},"end":{"line":124,"column":34}},"55":{"start":{"line":126,"column":6},"end":{"line":128,"column":9}},"56":{"start":{"line":127,"column":8},"end":{"line":127,"column":32}},"57":{"start":{"line":132,"column":0},"end":{"line":141,"column":2}},"58":{"start":{"line":133,"column":4},"end":{"line":140,"column":6}},"59":{"start":{"line":134,"column":19},"end":{"line":134,"column":69}},"60":{"start":{"line":136,"column":6},"end":{"line":139,"column":9}},"61":{"start":{"line":138,"column":10},"end":{"line":138,"column":34}},"62":{"start":{"line":143,"column":0},"end":{"line":152,"column":2}},"63":{"start":{"line":144,"column":4},"end":{"line":151,"column":6}},"64":{"start":{"line":145,"column":19},"end":{"line":145,"column":99}},"65":{"start":{"line":147,"column":6},"end":{"line":150,"column":9}},"66":{"start":{"line":149,"column":10},"end":{"line":149,"column":34}},"67":{"start":{"line":154,"column":0},"end":{"line":161,"column":2}},"68":{"start":{"line":155,"column":4},"end":{"line":160,"column":6}},"69":{"start":{"line":157,"column":6},"end":{"line":159,"column":9}},"70":{"start":{"line":158,"column":10},"end":{"line":158,"column":34}},"71":{"start":{"line":162,"column":0},"end":{"line":169,"column":2}},"72":{"start":{"line":163,"column":4},"end":{"line":168,"column":6}},"73":{"start":{"line":165,"column":6},"end":{"line":167,"column":9}},"74":{"start":{"line":166,"column":10},"end":{"line":166,"column":34}},"75":{"start":{"line":170,"column":0},"end":{"line":177,"column":2}},"76":{"start":{"line":171,"column":4},"end":{"line":176,"column":6}},"77":{"start":{"line":173,"column":6},"end":{"line":175,"column":9}},"78":{"start":{"line":174,"column":10},"end":{"line":174,"column":34}},"79":{"start":{"line":178,"column":0},"end":{"line":185,"column":2}},"80":{"start":{"line":179,"column":4},"end":{"line":184,"column":6}},"81":{"start":{"line":181,"column":6},"end":{"line":183,"column":9}},"82":{"start":{"line":182,"column":10},"end":{"line":182,"column":34}},"83":{"start":{"line":186,"column":0},"end":{"line":193,"column":2}},"84":{"start":{"line":187,"column":4},"end":{"line":192,"column":6}},"85":{"start":{"line":189,"column":6},"end":{"line":191,"column":9}},"86":{"start":{"line":190,"column":10},"end":{"line":190,"column":34}},"87":{"start":{"line":214,"column":0},"end":{"line":214,"column":20}}},"fnMap":{"0":{"name":"(anonymous_0)","decl":{"start":{"line":47,"column":23},"end":{"line":47,"column":24}},"loc":{"start":{"line":47,"column":29},"end":{"line":53,"column":1}},"line":47},"1":{"name":"(anonymous_1)","decl":{"start":{"line":48,"column":23},"end":{"line":48,"column":24}},"loc":{"start":{"line":48,"column":44},"end":{"line":52,"column":5}},"line":48},"2":{"name":"(anonymous_2)","decl":{"start":{"line":49,"column":45},"end":{"line":49,"column":46}},"loc":{"start":{"line":49,"column":63},"end":{"line":51,"column":9}},"line":49},"3":{"name":"(anonymous_3)","decl":{"start":{"line":55,"column":25},"end":{"line":55,"column":26}},"loc":{"start":{"line":55,"column":31},"end":{"line":61,"column":1}},"line":55},"4":{"name":"(anonymous_4)","decl":{"start":{"line":56,"column":23},"end":{"line":56,"column":24}},"loc":{"start":{"line":56,"column":44},"end":{"line":60,"column":5}},"line":56},"5":{"name":"(anonymous_5)","decl":{"start":{"line":57,"column":61},"end":{"line":57,"column":62}},"loc":{"start":{"line":57,"column":79},"end":{"line":59,"column":9}},"line":57},"6":{"name":"(anonymous_6)","decl":{"start":{"line":63,"column":28},"end":{"line":63,"column":29}},"loc":{"start":{"line":63,"column":34},"end":{"line":69,"column":1}},"line":63},"7":{"name":"(anonymous_7)","decl":{"start":{"line":64,"column":23},"end":{"line":64,"column":24}},"loc":{"start":{"line":64,"column":44},"end":{"line":68,"column":5}},"line":64},"8":{"name":"(anonymous_8)","decl":{"start":{"line":65,"column":64},"end":{"line":65,"column":65}},"loc":{"start":{"line":65,"column":82},"end":{"line":67,"column":9}},"line":65},"9":{"name":"(anonymous_9)","decl":{"start":{"line":71,"column":30},"end":{"line":71,"column":31}},"loc":{"start":{"line":71,"column":36},"end":{"line":77,"column":1}},"line":71},"10":{"name":"(anonymous_10)","decl":{"start":{"line":72,"column":23},"end":{"line":72,"column":24}},"loc":{"start":{"line":72,"column":44},"end":{"line":76,"column":5}},"line":72},"11":{"name":"(anonymous_11)","decl":{"start":{"line":73,"column":105},"end":{"line":73,"column":106}},"loc":{"start":{"line":73,"column":123},"end":{"line":75,"column":9}},"line":73},"12":{"name":"(anonymous_12)","decl":{"start":{"line":79,"column":31},"end":{"line":79,"column":32}},"loc":{"start":{"line":79,"column":37},"end":{"line":85,"column":1}},"line":79},"13":{"name":"(anonymous_13)","decl":{"start":{"line":80,"column":23},"end":{"line":80,"column":24}},"loc":{"start":{"line":80,"column":44},"end":{"line":84,"column":5}},"line":80},"14":{"name":"(anonymous_14)","decl":{"start":{"line":81,"column":67},"end":{"line":81,"column":68}},"loc":{"start":{"line":81,"column":85},"end":{"line":83,"column":9}},"line":81},"15":{"name":"(anonymous_15)","decl":{"start":{"line":87,"column":20},"end":{"line":87,"column":21}},"loc":{"start":{"line":87,"column":26},"end":{"line":93,"column":1}},"line":87},"16":{"name":"(anonymous_16)","decl":{"start":{"line":88,"column":23},"end":{"line":88,"column":24}},"loc":{"start":{"line":88,"column":44},"end":{"line":92,"column":5}},"line":88},"17":{"name":"(anonymous_17)","decl":{"start":{"line":89,"column":60},"end":{"line":89,"column":61}},"loc":{"start":{"line":89,"column":78},"end":{"line":91,"column":9}},"line":89},"18":{"name":"(anonymous_18)","decl":{"start":{"line":94,"column":18},"end":{"line":94,"column":19}},"loc":{"start":{"line":94,"column":44},"end":{"line":101,"column":1}},"line":94},"19":{"name":"(anonymous_19)","decl":{"start":{"line":95,"column":23},"end":{"line":95,"column":24}},"loc":{"start":{"line":95,"column":44},"end":{"line":100,"column":4}},"line":95},"20":{"name":"(anonymous_20)","decl":{"start":{"line":97,"column":81},"end":{"line":97,"column":82}},"loc":{"start":{"line":97,"column":99},"end":{"line":99,"column":7}},"line":97},"21":{"name":"(anonymous_21)","decl":{"start":{"line":103,"column":28},"end":{"line":103,"column":29}},"loc":{"start":{"line":103,"column":67},"end":{"line":116,"column":1}},"line":103},"22":{"name":"(anonymous_22)","decl":{"start":{"line":104,"column":23},"end":{"line":104,"column":24}},"loc":{"start":{"line":104,"column":44},"end":{"line":115,"column":4}},"line":104},"23":{"name":"(anonymous_23)","decl":{"start":{"line":107,"column":109},"end":{"line":107,"column":110}},"loc":{"start":{"line":107,"column":127},"end":{"line":110,"column":7}},"line":107},"24":{"name":"(anonymous_24)","decl":{"start":{"line":112,"column":96},"end":{"line":112,"column":97}},"loc":{"start":{"line":112,"column":114},"end":{"line":114,"column":7}},"line":112},"25":{"name":"(anonymous_25)","decl":{"start":{"line":118,"column":31},"end":{"line":118,"column":32}},"loc":{"start":{"line":118,"column":90},"end":{"line":130,"column":1}},"line":118},"26":{"name":"(anonymous_26)","decl":{"start":{"line":119,"column":23},"end":{"line":119,"column":24}},"loc":{"start":{"line":119,"column":44},"end":{"line":129,"column":4}},"line":119},"27":{"name":"(anonymous_27)","decl":{"start":{"line":122,"column":134},"end":{"line":122,"column":135}},"loc":{"start":{"line":122,"column":152},"end":{"line":125,"column":7}},"line":122},"28":{"name":"(anonymous_28)","decl":{"start":{"line":126,"column":99},"end":{"line":126,"column":100}},"loc":{"start":{"line":126,"column":117},"end":{"line":128,"column":7}},"line":126},"29":{"name":"(anonymous_29)","decl":{"start":{"line":132,"column":34},"end":{"line":132,"column":35}},"loc":{"start":{"line":132,"column":86},"end":{"line":141,"column":1}},"line":132},"30":{"name":"(anonymous_30)","decl":{"start":{"line":133,"column":23},"end":{"line":133,"column":24}},"loc":{"start":{"line":133,"column":44},"end":{"line":140,"column":4}},"line":133},"31":{"name":"(anonymous_31)","decl":{"start":{"line":136,"column":130},"end":{"line":136,"column":131}},"loc":{"start":{"line":136,"column":148},"end":{"line":139,"column":7}},"line":136},"32":{"name":"(anonymous_32)","decl":{"start":{"line":143,"column":19},"end":{"line":143,"column":20}},"loc":{"start":{"line":143,"column":101},"end":{"line":152,"column":1}},"line":143},"33":{"name":"(anonymous_33)","decl":{"start":{"line":144,"column":23},"end":{"line":144,"column":24}},"loc":{"start":{"line":144,"column":44},"end":{"line":151,"column":4}},"line":144},"34":{"name":"(anonymous_34)","decl":{"start":{"line":147,"column":149},"end":{"line":147,"column":150}},"loc":{"start":{"line":147,"column":167},"end":{"line":150,"column":7}},"line":147},"35":{"name":"(anonymous_35)","decl":{"start":{"line":154,"column":33},"end":{"line":154,"column":34}},"loc":{"start":{"line":154,"column":39},"end":{"line":161,"column":1}},"line":154},"36":{"name":"(anonymous_36)","decl":{"start":{"line":155,"column":23},"end":{"line":155,"column":24}},"loc":{"start":{"line":155,"column":44},"end":{"line":160,"column":4}},"line":155},"37":{"name":"(anonymous_37)","decl":{"start":{"line":157,"column":84},"end":{"line":157,"column":85}},"loc":{"start":{"line":157,"column":102},"end":{"line":159,"column":7}},"line":157},"38":{"name":"(anonymous_38)","decl":{"start":{"line":162,"column":36},"end":{"line":162,"column":37}},"loc":{"start":{"line":162,"column":42},"end":{"line":169,"column":1}},"line":162},"39":{"name":"(anonymous_39)","decl":{"start":{"line":163,"column":23},"end":{"line":163,"column":24}},"loc":{"start":{"line":163,"column":44},"end":{"line":168,"column":4}},"line":163},"40":{"name":"(anonymous_40)","decl":{"start":{"line":165,"column":87},"end":{"line":165,"column":88}},"loc":{"start":{"line":165,"column":105},"end":{"line":167,"column":7}},"line":165},"41":{"name":"(anonymous_41)","decl":{"start":{"line":170,"column":39},"end":{"line":170,"column":40}},"loc":{"start":{"line":170,"column":45},"end":{"line":177,"column":1}},"line":170},"42":{"name":"(anonymous_42)","decl":{"start":{"line":171,"column":23},"end":{"line":171,"column":24}},"loc":{"start":{"line":171,"column":44},"end":{"line":176,"column":4}},"line":171},"43":{"name":"(anonymous_43)","decl":{"start":{"line":173,"column":84},"end":{"line":173,"column":85}},"loc":{"start":{"line":173,"column":102},"end":{"line":175,"column":7}},"line":173},"44":{"name":"(anonymous_44)","decl":{"start":{"line":178,"column":26},"end":{"line":178,"column":27}},"loc":{"start":{"line":178,"column":32},"end":{"line":185,"column":1}},"line":178},"45":{"name":"(anonymous_45)","decl":{"start":{"line":179,"column":23},"end":{"line":179,"column":24}},"loc":{"start":{"line":179,"column":44},"end":{"line":184,"column":4}},"line":179},"46":{"name":"(anonymous_46)","decl":{"start":{"line":181,"column":68},"end":{"line":181,"column":69}},"loc":{"start":{"line":181,"column":86},"end":{"line":183,"column":7}},"line":181},"47":{"name":"(anonymous_47)","decl":{"start":{"line":186,"column":27},"end":{"line":186,"column":28}},"loc":{"start":{"line":186,"column":33},"end":{"line":193,"column":1}},"line":186},"48":{"name":"(anonymous_48)","decl":{"start":{"line":187,"column":23},"end":{"line":187,"column":24}},"loc":{"start":{"line":187,"column":44},"end":{"line":192,"column":4}},"line":187},"49":{"name":"(anonymous_49)","decl":{"start":{"line":189,"column":91},"end":{"line":189,"column":92}},"loc":{"start":{"line":189,"column":109},"end":{"line":191,"column":7}},"line":189}},"branchMap":{},"s":{"0":2,"1":2,"2":2,"3":2,"4":2,"5":2,"6":2,"7":2,"8":2,"9":2,"10":2,"11":2,"12":2,"13":2,"14":2,"15":2,"16":2,"17":2,"18":2,"19":2,"20":2,"21":2,"22":2,"23":2,"24":2,"25":2,"26":2,"27":2,"28":2,"29":2,"30":2,"31":2,"32":2,"33":2,"34":2,"35":1,"36":1,"37":1,"38":2,"39":1,"40":1,"41":1,"42":1,"43":2,"44":1,"45":1,"46":1,"47":1,"48":1,"49":1,"50":2,"51":1,"52":1,"53":1,"54":1,"55":1,"56":1,"57":2,"58":1,"59":1,"60":1,"61":1,"62":2,"63":1,"64":1,"65":1,"66":1,"67":2,"68":1,"69":1,"70":1,"71":2,"72":1,"73":1,"74":1,"75":2,"76":1,"77":1,"78":1,"79":2,"80":1,"81":1,"82":1,"83":2,"84":1,"85":1,"86":1,"87":2},"f":{"0":2,"1":2,"2":2,"3":2,"4":2,"5":2,"6":2,"7":2,"8":2,"9":2,"10":2,"11":2,"12":2,"13":2,"14":2,"15":1,"16":1,"17":1,"18":1,"19":1,"20":1,"21":1,"22":1,"23":1,"24":1,"25":1,"26":1,"27":1,"28":1,"29":1,"30":1,"31":1,"32":1,"33":1,"34":1,"35":1,"36":1,"37":1,"38":1,"39":1,"40":1,"41":1,"42":1,"43":1,"44":1,"45":1,"46":1,"47":1,"48":1,"49":1},"b":{},"_coverageSchema":"1a1c01bbd47fc00a2c39e90264f33305004495a9","hash":"88a6c07b09aeabc57ae0507ff24a8e3972bc78cf"}
,"/Users/j/Desktop/2021_Kode_Tut/CafLaM_MEAN_Stack/routes/greenhouse.js": {"path":"/Users/j/Desktop/2021_Kode_Tut/CafLaM_MEAN_Stack/routes/greenhouse.js","statementMap":{"0":{"start":{"line":1,"column":16},"end":{"line":1,"column":34}},"1":{"start":{"line":2,"column":16},"end":{"line":2,"column":34}},"2":{"start":{"line":6,"column":13},"end":{"line":6,"column":29}},"3":{"start":{"line":9,"column":0},"end":{"line":18,"column":5}},"4":{"start":{"line":10,"column":6},"end":{"line":17,"column":8}},"5":{"start":{"line":12,"column":8},"end":{"line":15,"column":9}},"6":{"start":{"line":14,"column":10},"end":{"line":14,"column":73}},"7":{"start":{"line":16,"column":8},"end":{"line":16,"column":35}},"8":{"start":{"line":22,"column":0},"end":{"line":22,"column":24}}},"fnMap":{"0":{"name":"(anonymous_0)","decl":{"start":{"line":9,"column":25},"end":{"line":9,"column":26}},"loc":{"start":{"line":9,"column":39},"end":{"line":18,"column":3}},"line":9},"1":{"name":"(anonymous_1)","decl":{"start":{"line":10,"column":56},"end":{"line":10,"column":57}},"loc":{"start":{"line":10,"column":83},"end":{"line":17,"column":7}},"line":10}},"branchMap":{"0":{"loc":{"start":{"line":12,"column":8},"end":{"line":15,"column":9}},"type":"if","locations":[{"start":{"line":12,"column":8},"end":{"line":15,"column":9}},{"start":{"line":12,"column":8},"end":{"line":15,"column":9}}],"line":12},"1":{"loc":{"start":{"line":12,"column":12},"end":{"line":12,"column":48}},"type":"binary-expr","locations":[{"start":{"line":12,"column":12},"end":{"line":12,"column":17}},{"start":{"line":12,"column":21},"end":{"line":12,"column":48}}],"line":12}},"s":{"0":2,"1":2,"2":2,"3":2,"4":1,"5":1,"6":0,"7":1,"8":2},"f":{"0":1,"1":1},"b":{"0":[0,1],"1":[1,1]},"_coverageSchema":"1a1c01bbd47fc00a2c39e90264f33305004495a9","hash":"6dfb94b33493b316ff490b21af32693667f0f338"}
,"/Users/j/Desktop/2021_Kode_Tut/CafLaM_MEAN_Stack/routes/index.js": {"path":"/Users/j/Desktop/2021_Kode_Tut/CafLaM_MEAN_Stack/routes/index.js","statementMap":{"0":{"start":{"line":1,"column":14},"end":{"line":1,"column":32}},"1":{"start":{"line":2,"column":13},"end":{"line":2,"column":29}},"2":{"start":{"line":5,"column":0},"end":{"line":7,"column":3}},"3":{"start":{"line":6,"column":2},"end":{"line":6,"column":27}},"4":{"start":{"line":10,"column":0},"end":{"line":10,"column":24}}},"fnMap":{"0":{"name":"(anonymous_0)","decl":{"start":{"line":5,"column":16},"end":{"line":5,"column":17}},"loc":{"start":{"line":5,"column":41},"end":{"line":7,"column":1}},"line":5}},"branchMap":{},"s":{"0":2,"1":2,"2":2,"3":1,"4":2},"f":{"0":1},"b":{},"_coverageSchema":"1a1c01bbd47fc00a2c39e90264f33305004495a9","hash":"a659cf92fbccf2dfba05d7b162ef4ec5ed0ef9f6"}
,"/Users/j/Desktop/2021_Kode_Tut/CafLaM_MEAN_Stack/routes/inventory.js": {"path":"/Users/j/Desktop/2021_Kode_Tut/CafLaM_MEAN_Stack/routes/inventory.js","statementMap":{"0":{"start":{"line":1,"column":16},"end":{"line":1,"column":34}},"1":{"start":{"line":2,"column":11},"end":{"line":2,"column":27}},"2":{"start":{"line":4,"column":13},"end":{"line":4,"column":29}},"3":{"start":{"line":6,"column":0},"end":{"line":13,"column":3}},"4":{"start":{"line":7,"column":2},"end":{"line":12,"column":5}},"5":{"start":{"line":15,"column":0},"end":{"line":17,"column":3}},"6":{"start":{"line":16,"column":2},"end":{"line":16,"column":61}},"7":{"start":{"line":19,"column":0},"end":{"line":21,"column":3}},"8":{"start":{"line":20,"column":2},"end":{"line":20,"column":67}},"9":{"start":{"line":23,"column":0},"end":{"line":25,"column":3}},"10":{"start":{"line":24,"column":2},"end":{"line":24,"column":71}},"11":{"start":{"line":27,"column":0},"end":{"line":29,"column":3}},"12":{"start":{"line":28,"column":2},"end":{"line":28,"column":73}},"13":{"start":{"line":31,"column":0},"end":{"line":35,"column":3}},"14":{"start":{"line":32,"column":4},"end":{"line":34,"column":7}},"15":{"start":{"line":37,"column":0},"end":{"line":41,"column":3}},"16":{"start":{"line":38,"column":4},"end":{"line":40,"column":7}},"17":{"start":{"line":43,"column":0},"end":{"line":45,"column":7}},"18":{"start":{"line":44,"column":4},"end":{"line":44,"column":224}},"19":{"start":{"line":47,"column":0},"end":{"line":49,"column":3}},"20":{"start":{"line":48,"column":4},"end":{"line":48,"column":108}},"21":{"start":{"line":50,"column":0},"end":{"line":52,"column":3}},"22":{"start":{"line":51,"column":4},"end":{"line":51,"column":114}},"23":{"start":{"line":53,"column":0},"end":{"line":55,"column":3}},"24":{"start":{"line":54,"column":4},"end":{"line":54,"column":120}},"25":{"start":{"line":72,"column":0},"end":{"line":72,"column":24}}},"fnMap":{"0":{"name":"(anonymous_0)","decl":{"start":{"line":6,"column":16},"end":{"line":6,"column":17}},"loc":{"start":{"line":6,"column":42},"end":{"line":13,"column":1}},"line":6},"1":{"name":"(anonymous_1)","decl":{"start":{"line":15,"column":21},"end":{"line":15,"column":22}},"loc":{"start":{"line":15,"column":47},"end":{"line":17,"column":1}},"line":15},"2":{"name":"(anonymous_2)","decl":{"start":{"line":19,"column":24},"end":{"line":19,"column":25}},"loc":{"start":{"line":19,"column":50},"end":{"line":21,"column":1}},"line":19},"3":{"name":"(anonymous_3)","decl":{"start":{"line":23,"column":26},"end":{"line":23,"column":27}},"loc":{"start":{"line":23,"column":52},"end":{"line":25,"column":1}},"line":23},"4":{"name":"(anonymous_4)","decl":{"start":{"line":27,"column":27},"end":{"line":27,"column":28}},"loc":{"start":{"line":27,"column":53},"end":{"line":29,"column":1}},"line":27},"5":{"name":"(anonymous_5)","decl":{"start":{"line":31,"column":54},"end":{"line":31,"column":55}},"loc":{"start":{"line":31,"column":80},"end":{"line":35,"column":1}},"line":31},"6":{"name":"(anonymous_6)","decl":{"start":{"line":37,"column":79},"end":{"line":37,"column":80}},"loc":{"start":{"line":37,"column":105},"end":{"line":41,"column":1}},"line":37},"7":{"name":"(anonymous_7)","decl":{"start":{"line":43,"column":75},"end":{"line":43,"column":76}},"loc":{"start":{"line":43,"column":101},"end":{"line":45,"column":5}},"line":43},"8":{"name":"(anonymous_8)","decl":{"start":{"line":47,"column":29},"end":{"line":47,"column":30}},"loc":{"start":{"line":47,"column":55},"end":{"line":49,"column":1}},"line":47},"9":{"name":"(anonymous_9)","decl":{"start":{"line":50,"column":32},"end":{"line":50,"column":33}},"loc":{"start":{"line":50,"column":58},"end":{"line":52,"column":1}},"line":50},"10":{"name":"(anonymous_10)","decl":{"start":{"line":53,"column":35},"end":{"line":53,"column":36}},"loc":{"start":{"line":53,"column":61},"end":{"line":55,"column":1}},"line":53}},"branchMap":{},"s":{"0":2,"1":2,"2":2,"3":2,"4":1,"5":2,"6":1,"7":2,"8":1,"9":2,"10":1,"11":2,"12":1,"13":2,"14":1,"15":2,"16":1,"17":2,"18":1,"19":2,"20":1,"21":2,"22":1,"23":2,"24":1,"25":2},"f":{"0":1,"1":1,"2":1,"3":1,"4":1,"5":1,"6":1,"7":1,"8":1,"9":1,"10":1},"b":{},"_coverageSchema":"1a1c01bbd47fc00a2c39e90264f33305004495a9","hash":"43414a072e87bd8a259ee86675924e040ceb2439"}
,"/Users/j/Desktop/2021_Kode_Tut/CafLaM_MEAN_Stack/routes/promocode.js": {"path":"/Users/j/Desktop/2021_Kode_Tut/CafLaM_MEAN_Stack/routes/promocode.js","statementMap":{"0":{"start":{"line":1,"column":16},"end":{"line":1,"column":34}},"1":{"start":{"line":2,"column":11},"end":{"line":2,"column":27}},"2":{"start":{"line":4,"column":13},"end":{"line":4,"column":29}},"3":{"start":{"line":7,"column":0},"end":{"line":9,"column":3}},"4":{"start":{"line":8,"column":4},"end":{"line":8,"column":54}},"5":{"start":{"line":11,"column":0},"end":{"line":15,"column":3}},"6":{"start":{"line":12,"column":4},"end":{"line":14,"column":6}},"7":{"start":{"line":17,"column":0},"end":{"line":19,"column":3}},"8":{"start":{"line":18,"column":4},"end":{"line":18,"column":85}},"9":{"start":{"line":20,"column":0},"end":{"line":20,"column":24}}},"fnMap":{"0":{"name":"(anonymous_0)","decl":{"start":{"line":7,"column":16},"end":{"line":7,"column":17}},"loc":{"start":{"line":7,"column":42},"end":{"line":9,"column":1}},"line":7},"1":{"name":"(anonymous_1)","decl":{"start":{"line":11,"column":89},"end":{"line":11,"column":90}},"loc":{"start":{"line":11,"column":115},"end":{"line":15,"column":1}},"line":11},"2":{"name":"(anonymous_2)","decl":{"start":{"line":17,"column":23},"end":{"line":17,"column":24}},"loc":{"start":{"line":17,"column":49},"end":{"line":19,"column":1}},"line":17}},"branchMap":{},"s":{"0":2,"1":2,"2":2,"3":2,"4":1,"5":2,"6":1,"7":2,"8":1,"9":2},"f":{"0":1,"1":1,"2":1},"b":{},"_coverageSchema":"1a1c01bbd47fc00a2c39e90264f33305004495a9","hash":"c80953c879939a5dc366d5ff0563a3a7d375142f"}
,"/Users/j/Desktop/2021_Kode_Tut/CafLaM_MEAN_Stack/routes/public.js": {"path":"/Users/j/Desktop/2021_Kode_Tut/CafLaM_MEAN_Stack/routes/public.js","statementMap":{"0":{"start":{"line":1,"column":16},"end":{"line":1,"column":34}},"1":{"start":{"line":2,"column":11},"end":{"line":2,"column":27}},"2":{"start":{"line":4,"column":13},"end":{"line":4,"column":29}},"3":{"start":{"line":5,"column":0},"end":{"line":5,"column":42}},"4":{"start":{"line":7,"column":0},"end":{"line":9,"column":3}},"5":{"start":{"line":8,"column":2},"end":{"line":8,"column":44}},"6":{"start":{"line":11,"column":0},"end":{"line":11,"column":24}}},"fnMap":{"0":{"name":"(anonymous_0)","decl":{"start":{"line":7,"column":16},"end":{"line":7,"column":17}},"loc":{"start":{"line":7,"column":42},"end":{"line":9,"column":1}},"line":7}},"branchMap":{},"s":{"0":2,"1":2,"2":2,"3":2,"4":2,"5":0,"6":2},"f":{"0":0},"b":{},"_coverageSchema":"1a1c01bbd47fc00a2c39e90264f33305004495a9","hash":"f1eb3a624b20d0f0c8fef0e7334244ecb5465b34"}
,"/Users/j/Desktop/2021_Kode_Tut/CafLaM_MEAN_Stack/routes/smarthome.js": {"path":"/Users/j/Desktop/2021_Kode_Tut/CafLaM_MEAN_Stack/routes/smarthome.js","statementMap":{"0":{"start":{"line":1,"column":16},"end":{"line":1,"column":34}},"1":{"start":{"line":2,"column":16},"end":{"line":2,"column":34}},"2":{"start":{"line":6,"column":13},"end":{"line":6,"column":29}},"3":{"start":{"line":9,"column":0},"end":{"line":18,"column":5}},"4":{"start":{"line":10,"column":6},"end":{"line":17,"column":8}},"5":{"start":{"line":12,"column":8},"end":{"line":15,"column":9}},"6":{"start":{"line":14,"column":10},"end":{"line":14,"column":73}},"7":{"start":{"line":16,"column":8},"end":{"line":16,"column":35}},"8":{"start":{"line":22,"column":0},"end":{"line":22,"column":24}}},"fnMap":{"0":{"name":"(anonymous_0)","decl":{"start":{"line":9,"column":25},"end":{"line":9,"column":26}},"loc":{"start":{"line":9,"column":39},"end":{"line":18,"column":3}},"line":9},"1":{"name":"(anonymous_1)","decl":{"start":{"line":10,"column":56},"end":{"line":10,"column":57}},"loc":{"start":{"line":10,"column":83},"end":{"line":17,"column":7}},"line":10}},"branchMap":{"0":{"loc":{"start":{"line":12,"column":8},"end":{"line":15,"column":9}},"type":"if","locations":[{"start":{"line":12,"column":8},"end":{"line":15,"column":9}},{"start":{"line":12,"column":8},"end":{"line":15,"column":9}}],"line":12},"1":{"loc":{"start":{"line":12,"column":12},"end":{"line":12,"column":48}},"type":"binary-expr","locations":[{"start":{"line":12,"column":12},"end":{"line":12,"column":17}},{"start":{"line":12,"column":21},"end":{"line":12,"column":48}}],"line":12}},"s":{"0":2,"1":2,"2":2,"3":2,"4":1,"5":1,"6":0,"7":1,"8":2},"f":{"0":1,"1":1},"b":{"0":[0,1],"1":[1,1]},"_coverageSchema":"1a1c01bbd47fc00a2c39e90264f33305004495a9","hash":"5fadf465299620a37454532ad6c78782ef4ca619"}
,"/Users/j/Desktop/2021_Kode_Tut/CafLaM_MEAN_Stack/routes/users.js": {"path":"/Users/j/Desktop/2021_Kode_Tut/CafLaM_MEAN_Stack/routes/users.js","statementMap":{"0":{"start":{"line":1,"column":16},"end":{"line":1,"column":34}},"1":{"start":{"line":2,"column":11},"end":{"line":2,"column":27}},"2":{"start":{"line":4,"column":13},"end":{"line":4,"column":29}},"3":{"start":{"line":7,"column":0},"end":{"line":9,"column":3}},"4":{"start":{"line":8,"column":4},"end":{"line":8,"column":56}},"5":{"start":{"line":11,"column":0},"end":{"line":15,"column":3}},"6":{"start":{"line":12,"column":4},"end":{"line":14,"column":6}},"7":{"start":{"line":17,"column":0},"end":{"line":19,"column":3}},"8":{"start":{"line":18,"column":4},"end":{"line":18,"column":83}},"9":{"start":{"line":20,"column":0},"end":{"line":20,"column":24}}},"fnMap":{"0":{"name":"(anonymous_0)","decl":{"start":{"line":7,"column":16},"end":{"line":7,"column":17}},"loc":{"start":{"line":7,"column":42},"end":{"line":9,"column":1}},"line":7},"1":{"name":"(anonymous_1)","decl":{"start":{"line":11,"column":36},"end":{"line":11,"column":37}},"loc":{"start":{"line":11,"column":62},"end":{"line":15,"column":1}},"line":11},"2":{"name":"(anonymous_2)","decl":{"start":{"line":17,"column":23},"end":{"line":17,"column":24}},"loc":{"start":{"line":17,"column":49},"end":{"line":19,"column":1}},"line":17}},"branchMap":{},"s":{"0":2,"1":2,"2":2,"3":2,"4":2,"5":2,"6":1,"7":2,"8":1,"9":2},"f":{"0":2,"1":1,"2":1},"b":{},"_coverageSchema":"1a1c01bbd47fc00a2c39e90264f33305004495a9","hash":"e31a18f0f76734c9cc73014da7188ab497f8b177"}
}
