{"/Users/j/Desktop/2021_Kode_Tut/CafLaM_MEAN_Stack/app.js": {"path":"/Users/j/Desktop/2021_Kode_Tut/CafLaM_MEAN_Stack/app.js","statementMap":{"0":{"start":{"line":1,"column":18},"end":{"line":1,"column":40}},"1":{"start":{"line":2,"column":14},"end":{"line":2,"column":32}},"2":{"start":{"line":3,"column":11},"end":{"line":3,"column":26}},"3":{"start":{"line":4,"column":13},"end":{"line":4,"column":28}},"4":{"start":{"line":5,"column":19},"end":{"line":5,"column":43}},"5":{"start":{"line":6,"column":13},"end":{"line":6,"column":30}},"6":{"start":{"line":7,"column":17},"end":{"line":7,"column":36}},"7":{"start":{"line":8,"column":0},"end":{"line":8,"column":27}},"8":{"start":{"line":11,"column":18},"end":{"line":11,"column":43}},"9":{"start":{"line":12,"column":18},"end":{"line":12,"column":43}},"10":{"start":{"line":13,"column":22},"end":{"line":13,"column":51}},"11":{"start":{"line":14,"column":22},"end":{"line":14,"column":51}},"12":{"start":{"line":16,"column":23},"end":{"line":16,"column":53}},"13":{"start":{"line":17,"column":22},"end":{"line":17,"column":51}},"14":{"start":{"line":18,"column":19},"end":{"line":18,"column":45}},"15":{"start":{"line":29,"column":10},"end":{"line":29,"column":19}},"16":{"start":{"line":30,"column":0},"end":{"line":30,"column":23}},"17":{"start":{"line":31,"column":0},"end":{"line":31,"column":16}},"18":{"start":{"line":32,"column":0},"end":{"line":32,"column":24}},"19":{"start":{"line":33,"column":0},"end":{"line":33,"column":48}},"20":{"start":{"line":34,"column":0},"end":{"line":34,"column":24}},"21":{"start":{"line":38,"column":0},"end":{"line":38,"column":31}},"22":{"start":{"line":39,"column":0},"end":{"line":39,"column":28}},"23":{"start":{"line":41,"column":0},"end":{"line":41,"column":35}},"24":{"start":{"line":44,"column":0},"end":{"line":44,"column":55}},"25":{"start":{"line":45,"column":0},"end":{"line":45,"column":46}},"26":{"start":{"line":46,"column":0},"end":{"line":46,"column":31}},"27":{"start":{"line":48,"column":0},"end":{"line":48,"column":26}},"28":{"start":{"line":49,"column":0},"end":{"line":49,"column":31}},"29":{"start":{"line":50,"column":0},"end":{"line":50,"column":39}},"30":{"start":{"line":51,"column":0},"end":{"line":51,"column":39}},"31":{"start":{"line":53,"column":0},"end":{"line":53,"column":41}},"32":{"start":{"line":54,"column":0},"end":{"line":54,"column":39}},"33":{"start":{"line":57,"column":0},"end":{"line":57,"column":33}},"34":{"start":{"line":61,"column":0},"end":{"line":63,"column":3}},"35":{"start":{"line":62,"column":2},"end":{"line":62,"column":25}},"36":{"start":{"line":65,"column":0},"end":{"line":72,"column":3}},"37":{"start":{"line":67,"column":2},"end":{"line":67,"column":35}},"38":{"start":{"line":68,"column":2},"end":{"line":68,"column":69}},"39":{"start":{"line":70,"column":2},"end":{"line":70,"column":32}},"40":{"start":{"line":71,"column":2},"end":{"line":71,"column":22}},"41":{"start":{"line":74,"column":0},"end":{"line":74,"column":21}}},"fnMap":{"0":{"name":"(anonymous_0)","decl":{"start":{"line":61,"column":8},"end":{"line":61,"column":9}},"loc":{"start":{"line":61,"column":33},"end":{"line":63,"column":1}},"line":61},"1":{"name":"(anonymous_1)","decl":{"start":{"line":65,"column":8},"end":{"line":65,"column":9}},"loc":{"start":{"line":65,"column":38},"end":{"line":72,"column":1}},"line":65}},"branchMap":{"0":{"loc":{"start":{"line":68,"column":21},"end":{"line":68,"column":68}},"type":"cond-expr","locations":[{"start":{"line":68,"column":60},"end":{"line":68,"column":63}},{"start":{"line":68,"column":66},"end":{"line":68,"column":68}}],"line":68},"1":{"loc":{"start":{"line":70,"column":13},"end":{"line":70,"column":30}},"type":"binary-expr","locations":[{"start":{"line":70,"column":13},"end":{"line":70,"column":23}},{"start":{"line":70,"column":27},"end":{"line":70,"column":30}}],"line":70}},"s":{"0":1,"1":1,"2":1,"3":1,"4":1,"5":1,"6":1,"7":1,"8":1,"9":1,"10":1,"11":1,"12":1,"13":1,"14":1,"15":1,"16":1,"17":1,"18":1,"19":1,"20":1,"21":1,"22":1,"23":1,"24":1,"25":1,"26":1,"27":1,"28":1,"29":1,"30":1,"31":1,"32":1,"33":1,"34":1,"35":6,"36":1,"37":6,"38":6,"39":6,"40":6,"41":1},"f":{"0":6,"1":6},"b":{"0":[0,6],"1":[6,0]},"_coverageSchema":"1a1c01bbd47fc00a2c39e90264f33305004495a9","hash":"9da3e84fa4cacf3e591b05cda40d347acaca57ef"}
,"/Users/j/Desktop/2021_Kode_Tut/CafLaM_MEAN_Stack/db/database.js": {"path":"/Users/j/Desktop/2021_Kode_Tut/CafLaM_MEAN_Stack/db/database.js","statementMap":{"0":{"start":{"line":1,"column":0},"end":{"line":4,"column":1}}},"fnMap":{},"branchMap":{},"s":{"0":1},"f":{},"b":{},"_coverageSchema":"1a1c01bbd47fc00a2c39e90264f33305004495a9","hash":"5c6beca58a4b681ff157b3568e0448da67e13e6b"}
,"/Users/j/Desktop/2021_Kode_Tut/CafLaM_MEAN_Stack/db/index.js": {"path":"/Users/j/Desktop/2021_Kode_Tut/CafLaM_MEAN_Stack/db/index.js","statementMap":{"0":{"start":{"line":1,"column":14},"end":{"line":1,"column":31}},"1":{"start":{"line":2,"column":13},"end":{"line":2,"column":30}},"2":{"start":{"line":3,"column":17},"end":{"line":3,"column":36}},"3":{"start":{"line":4,"column":12},"end":{"line":4,"column":35}},"4":{"start":{"line":5,"column":0},"end":{"line":5,"column":27}},"5":{"start":{"line":7,"column":11},"end":{"line":7,"column":49}},"6":{"start":{"line":8,"column":19},"end":{"line":8,"column":65}},"7":{"start":{"line":10,"column":13},"end":{"line":10,"column":36}},"8":{"start":{"line":11,"column":13},"end":{"line":11,"column":32}},"9":{"start":{"line":12,"column":13},"end":{"line":12,"column":32}},"10":{"start":{"line":13,"column":16},"end":{"line":13,"column":35}},"11":{"start":{"line":14,"column":22},"end":{"line":21,"column":2}},"12":{"start":{"line":22,"column":17},"end":{"line":29,"column":2}},"13":{"start":{"line":30,"column":22},"end":{"line":37,"column":2}},"14":{"start":{"line":38,"column":19},"end":{"line":45,"column":2}},"15":{"start":{"line":47,"column":9},"end":{"line":47,"column":11}},"16":{"start":{"line":49,"column":0},"end":{"line":55,"column":2}},"17":{"start":{"line":50,"column":4},"end":{"line":54,"column":7}},"18":{"start":{"line":51,"column":8},"end":{"line":53,"column":11}},"19":{"start":{"line":52,"column":12},"end":{"line":52,"column":36}},"20":{"start":{"line":57,"column":0},"end":{"line":80,"column":2}},"21":{"start":{"line":58,"column":17},"end":{"line":58,"column":39}},"22":{"start":{"line":58,"column":53},"end":{"line":58,"column":55}},"23":{"start":{"line":60,"column":4},"end":{"line":79,"column":4}},"24":{"start":{"line":61,"column":8},"end":{"line":78,"column":7}},"25":{"start":{"line":62,"column":10},"end":{"line":77,"column":9}},"26":{"start":{"line":63,"column":12},"end":{"line":63,"column":68}},"27":{"start":{"line":65,"column":23},"end":{"line":65,"column":44}},"28":{"start":{"line":67,"column":25},"end":{"line":69,"column":14}},"29":{"start":{"line":71,"column":12},"end":{"line":75,"column":13}},"30":{"start":{"line":76,"column":10},"end":{"line":76,"column":34}},"31":{"start":{"line":82,"column":0},"end":{"line":88,"column":2}},"32":{"start":{"line":83,"column":4},"end":{"line":87,"column":7}},"33":{"start":{"line":84,"column":8},"end":{"line":86,"column":11}},"34":{"start":{"line":85,"column":12},"end":{"line":85,"column":36}},"35":{"start":{"line":90,"column":0},"end":{"line":96,"column":2}},"36":{"start":{"line":91,"column":4},"end":{"line":95,"column":7}},"37":{"start":{"line":92,"column":8},"end":{"line":94,"column":11}},"38":{"start":{"line":93,"column":12},"end":{"line":93,"column":36}},"39":{"start":{"line":98,"column":0},"end":{"line":104,"column":2}},"40":{"start":{"line":99,"column":4},"end":{"line":103,"column":7}},"41":{"start":{"line":100,"column":8},"end":{"line":102,"column":11}},"42":{"start":{"line":101,"column":12},"end":{"line":101,"column":36}},"43":{"start":{"line":106,"column":0},"end":{"line":112,"column":2}},"44":{"start":{"line":107,"column":4},"end":{"line":111,"column":7}},"45":{"start":{"line":108,"column":8},"end":{"line":110,"column":11}},"46":{"start":{"line":109,"column":12},"end":{"line":109,"column":36}},"47":{"start":{"line":114,"column":0},"end":{"line":120,"column":2}},"48":{"start":{"line":115,"column":4},"end":{"line":119,"column":7}},"49":{"start":{"line":116,"column":8},"end":{"line":118,"column":11}},"50":{"start":{"line":117,"column":12},"end":{"line":117,"column":36}},"51":{"start":{"line":121,"column":0},"end":{"line":128,"column":2}},"52":{"start":{"line":122,"column":4},"end":{"line":127,"column":6}},"53":{"start":{"line":123,"column":19},"end":{"line":123,"column":43}},"54":{"start":{"line":124,"column":6},"end":{"line":126,"column":9}},"55":{"start":{"line":125,"column":10},"end":{"line":125,"column":34}},"56":{"start":{"line":130,"column":0},"end":{"line":143,"column":2}},"57":{"start":{"line":131,"column":4},"end":{"line":142,"column":6}},"58":{"start":{"line":132,"column":19},"end":{"line":132,"column":56}},"59":{"start":{"line":134,"column":6},"end":{"line":137,"column":9}},"60":{"start":{"line":136,"column":10},"end":{"line":136,"column":34}},"61":{"start":{"line":139,"column":6},"end":{"line":141,"column":9}},"62":{"start":{"line":140,"column":8},"end":{"line":140,"column":32}},"63":{"start":{"line":145,"column":0},"end":{"line":157,"column":2}},"64":{"start":{"line":146,"column":4},"end":{"line":156,"column":6}},"65":{"start":{"line":147,"column":19},"end":{"line":147,"column":76}},"66":{"start":{"line":149,"column":6},"end":{"line":152,"column":9}},"67":{"start":{"line":151,"column":10},"end":{"line":151,"column":34}},"68":{"start":{"line":153,"column":6},"end":{"line":155,"column":9}},"69":{"start":{"line":154,"column":8},"end":{"line":154,"column":32}},"70":{"start":{"line":159,"column":0},"end":{"line":168,"column":2}},"71":{"start":{"line":160,"column":4},"end":{"line":167,"column":6}},"72":{"start":{"line":161,"column":19},"end":{"line":161,"column":69}},"73":{"start":{"line":163,"column":6},"end":{"line":166,"column":9}},"74":{"start":{"line":165,"column":10},"end":{"line":165,"column":34}},"75":{"start":{"line":170,"column":0},"end":{"line":179,"column":2}},"76":{"start":{"line":171,"column":4},"end":{"line":178,"column":6}},"77":{"start":{"line":172,"column":19},"end":{"line":172,"column":99}},"78":{"start":{"line":174,"column":6},"end":{"line":177,"column":9}},"79":{"start":{"line":176,"column":10},"end":{"line":176,"column":34}},"80":{"start":{"line":181,"column":0},"end":{"line":188,"column":2}},"81":{"start":{"line":182,"column":4},"end":{"line":187,"column":6}},"82":{"start":{"line":184,"column":6},"end":{"line":186,"column":9}},"83":{"start":{"line":185,"column":10},"end":{"line":185,"column":34}},"84":{"start":{"line":189,"column":0},"end":{"line":196,"column":2}},"85":{"start":{"line":190,"column":4},"end":{"line":195,"column":6}},"86":{"start":{"line":192,"column":6},"end":{"line":194,"column":9}},"87":{"start":{"line":193,"column":10},"end":{"line":193,"column":34}},"88":{"start":{"line":197,"column":0},"end":{"line":204,"column":2}},"89":{"start":{"line":198,"column":4},"end":{"line":203,"column":6}},"90":{"start":{"line":200,"column":6},"end":{"line":202,"column":9}},"91":{"start":{"line":201,"column":10},"end":{"line":201,"column":34}},"92":{"start":{"line":205,"column":0},"end":{"line":212,"column":2}},"93":{"start":{"line":206,"column":4},"end":{"line":211,"column":6}},"94":{"start":{"line":208,"column":6},"end":{"line":210,"column":9}},"95":{"start":{"line":209,"column":10},"end":{"line":209,"column":34}},"96":{"start":{"line":213,"column":0},"end":{"line":220,"column":2}},"97":{"start":{"line":214,"column":4},"end":{"line":219,"column":6}},"98":{"start":{"line":216,"column":6},"end":{"line":218,"column":9}},"99":{"start":{"line":217,"column":10},"end":{"line":217,"column":34}},"100":{"start":{"line":241,"column":0},"end":{"line":241,"column":20}}},"fnMap":{"0":{"name":"(anonymous_0)","decl":{"start":{"line":49,"column":23},"end":{"line":49,"column":24}},"loc":{"start":{"line":49,"column":29},"end":{"line":55,"column":1}},"line":49},"1":{"name":"(anonymous_1)","decl":{"start":{"line":50,"column":23},"end":{"line":50,"column":24}},"loc":{"start":{"line":50,"column":44},"end":{"line":54,"column":5}},"line":50},"2":{"name":"(anonymous_2)","decl":{"start":{"line":51,"column":45},"end":{"line":51,"column":46}},"loc":{"start":{"line":51,"column":63},"end":{"line":53,"column":9}},"line":51},"3":{"name":"(anonymous_3)","decl":{"start":{"line":57,"column":23},"end":{"line":57,"column":24}},"loc":{"start":{"line":57,"column":48},"end":{"line":80,"column":1}},"line":57},"4":{"name":"(anonymous_4)","decl":{"start":{"line":60,"column":23},"end":{"line":60,"column":24}},"loc":{"start":{"line":60,"column":44},"end":{"line":79,"column":3}},"line":60},"5":{"name":"(anonymous_5)","decl":{"start":{"line":61,"column":89},"end":{"line":61,"column":90}},"loc":{"start":{"line":61,"column":107},"end":{"line":78,"column":5}},"line":61},"6":{"name":"(anonymous_6)","decl":{"start":{"line":82,"column":25},"end":{"line":82,"column":26}},"loc":{"start":{"line":82,"column":31},"end":{"line":88,"column":1}},"line":82},"7":{"name":"(anonymous_7)","decl":{"start":{"line":83,"column":23},"end":{"line":83,"column":24}},"loc":{"start":{"line":83,"column":44},"end":{"line":87,"column":5}},"line":83},"8":{"name":"(anonymous_8)","decl":{"start":{"line":84,"column":61},"end":{"line":84,"column":62}},"loc":{"start":{"line":84,"column":79},"end":{"line":86,"column":9}},"line":84},"9":{"name":"(anonymous_9)","decl":{"start":{"line":90,"column":28},"end":{"line":90,"column":29}},"loc":{"start":{"line":90,"column":34},"end":{"line":96,"column":1}},"line":90},"10":{"name":"(anonymous_10)","decl":{"start":{"line":91,"column":23},"end":{"line":91,"column":24}},"loc":{"start":{"line":91,"column":44},"end":{"line":95,"column":5}},"line":91},"11":{"name":"(anonymous_11)","decl":{"start":{"line":92,"column":64},"end":{"line":92,"column":65}},"loc":{"start":{"line":92,"column":82},"end":{"line":94,"column":9}},"line":92},"12":{"name":"(anonymous_12)","decl":{"start":{"line":98,"column":30},"end":{"line":98,"column":31}},"loc":{"start":{"line":98,"column":36},"end":{"line":104,"column":1}},"line":98},"13":{"name":"(anonymous_13)","decl":{"start":{"line":99,"column":23},"end":{"line":99,"column":24}},"loc":{"start":{"line":99,"column":44},"end":{"line":103,"column":5}},"line":99},"14":{"name":"(anonymous_14)","decl":{"start":{"line":100,"column":105},"end":{"line":100,"column":106}},"loc":{"start":{"line":100,"column":123},"end":{"line":102,"column":9}},"line":100},"15":{"name":"(anonymous_15)","decl":{"start":{"line":106,"column":31},"end":{"line":106,"column":32}},"loc":{"start":{"line":106,"column":37},"end":{"line":112,"column":1}},"line":106},"16":{"name":"(anonymous_16)","decl":{"start":{"line":107,"column":23},"end":{"line":107,"column":24}},"loc":{"start":{"line":107,"column":44},"end":{"line":111,"column":5}},"line":107},"17":{"name":"(anonymous_17)","decl":{"start":{"line":108,"column":67},"end":{"line":108,"column":68}},"loc":{"start":{"line":108,"column":85},"end":{"line":110,"column":9}},"line":108},"18":{"name":"(anonymous_18)","decl":{"start":{"line":114,"column":20},"end":{"line":114,"column":21}},"loc":{"start":{"line":114,"column":26},"end":{"line":120,"column":1}},"line":114},"19":{"name":"(anonymous_19)","decl":{"start":{"line":115,"column":23},"end":{"line":115,"column":24}},"loc":{"start":{"line":115,"column":44},"end":{"line":119,"column":5}},"line":115},"20":{"name":"(anonymous_20)","decl":{"start":{"line":116,"column":60},"end":{"line":116,"column":61}},"loc":{"start":{"line":116,"column":78},"end":{"line":118,"column":9}},"line":116},"21":{"name":"(anonymous_21)","decl":{"start":{"line":121,"column":18},"end":{"line":121,"column":19}},"loc":{"start":{"line":121,"column":44},"end":{"line":128,"column":1}},"line":121},"22":{"name":"(anonymous_22)","decl":{"start":{"line":122,"column":23},"end":{"line":122,"column":24}},"loc":{"start":{"line":122,"column":44},"end":{"line":127,"column":4}},"line":122},"23":{"name":"(anonymous_23)","decl":{"start":{"line":124,"column":81},"end":{"line":124,"column":82}},"loc":{"start":{"line":124,"column":99},"end":{"line":126,"column":7}},"line":124},"24":{"name":"(anonymous_24)","decl":{"start":{"line":130,"column":28},"end":{"line":130,"column":29}},"loc":{"start":{"line":130,"column":67},"end":{"line":143,"column":1}},"line":130},"25":{"name":"(anonymous_25)","decl":{"start":{"line":131,"column":23},"end":{"line":131,"column":24}},"loc":{"start":{"line":131,"column":44},"end":{"line":142,"column":4}},"line":131},"26":{"name":"(anonymous_26)","decl":{"start":{"line":134,"column":109},"end":{"line":134,"column":110}},"loc":{"start":{"line":134,"column":127},"end":{"line":137,"column":7}},"line":134},"27":{"name":"(anonymous_27)","decl":{"start":{"line":139,"column":96},"end":{"line":139,"column":97}},"loc":{"start":{"line":139,"column":114},"end":{"line":141,"column":7}},"line":139},"28":{"name":"(anonymous_28)","decl":{"start":{"line":145,"column":31},"end":{"line":145,"column":32}},"loc":{"start":{"line":145,"column":90},"end":{"line":157,"column":1}},"line":145},"29":{"name":"(anonymous_29)","decl":{"start":{"line":146,"column":23},"end":{"line":146,"column":24}},"loc":{"start":{"line":146,"column":44},"end":{"line":156,"column":4}},"line":146},"30":{"name":"(anonymous_30)","decl":{"start":{"line":149,"column":134},"end":{"line":149,"column":135}},"loc":{"start":{"line":149,"column":152},"end":{"line":152,"column":7}},"line":149},"31":{"name":"(anonymous_31)","decl":{"start":{"line":153,"column":99},"end":{"line":153,"column":100}},"loc":{"start":{"line":153,"column":117},"end":{"line":155,"column":7}},"line":153},"32":{"name":"(anonymous_32)","decl":{"start":{"line":159,"column":34},"end":{"line":159,"column":35}},"loc":{"start":{"line":159,"column":86},"end":{"line":168,"column":1}},"line":159},"33":{"name":"(anonymous_33)","decl":{"start":{"line":160,"column":23},"end":{"line":160,"column":24}},"loc":{"start":{"line":160,"column":44},"end":{"line":167,"column":4}},"line":160},"34":{"name":"(anonymous_34)","decl":{"start":{"line":163,"column":130},"end":{"line":163,"column":131}},"loc":{"start":{"line":163,"column":148},"end":{"line":166,"column":7}},"line":163},"35":{"name":"(anonymous_35)","decl":{"start":{"line":170,"column":19},"end":{"line":170,"column":20}},"loc":{"start":{"line":170,"column":101},"end":{"line":179,"column":1}},"line":170},"36":{"name":"(anonymous_36)","decl":{"start":{"line":171,"column":23},"end":{"line":171,"column":24}},"loc":{"start":{"line":171,"column":44},"end":{"line":178,"column":4}},"line":171},"37":{"name":"(anonymous_37)","decl":{"start":{"line":174,"column":149},"end":{"line":174,"column":150}},"loc":{"start":{"line":174,"column":167},"end":{"line":177,"column":7}},"line":174},"38":{"name":"(anonymous_38)","decl":{"start":{"line":181,"column":33},"end":{"line":181,"column":34}},"loc":{"start":{"line":181,"column":39},"end":{"line":188,"column":1}},"line":181},"39":{"name":"(anonymous_39)","decl":{"start":{"line":182,"column":23},"end":{"line":182,"column":24}},"loc":{"start":{"line":182,"column":44},"end":{"line":187,"column":4}},"line":182},"40":{"name":"(anonymous_40)","decl":{"start":{"line":184,"column":84},"end":{"line":184,"column":85}},"loc":{"start":{"line":184,"column":102},"end":{"line":186,"column":7}},"line":184},"41":{"name":"(anonymous_41)","decl":{"start":{"line":189,"column":36},"end":{"line":189,"column":37}},"loc":{"start":{"line":189,"column":42},"end":{"line":196,"column":1}},"line":189},"42":{"name":"(anonymous_42)","decl":{"start":{"line":190,"column":23},"end":{"line":190,"column":24}},"loc":{"start":{"line":190,"column":44},"end":{"line":195,"column":4}},"line":190},"43":{"name":"(anonymous_43)","decl":{"start":{"line":192,"column":87},"end":{"line":192,"column":88}},"loc":{"start":{"line":192,"column":105},"end":{"line":194,"column":7}},"line":192},"44":{"name":"(anonymous_44)","decl":{"start":{"line":197,"column":39},"end":{"line":197,"column":40}},"loc":{"start":{"line":197,"column":45},"end":{"line":204,"column":1}},"line":197},"45":{"name":"(anonymous_45)","decl":{"start":{"line":198,"column":23},"end":{"line":198,"column":24}},"loc":{"start":{"line":198,"column":44},"end":{"line":203,"column":4}},"line":198},"46":{"name":"(anonymous_46)","decl":{"start":{"line":200,"column":84},"end":{"line":200,"column":85}},"loc":{"start":{"line":200,"column":102},"end":{"line":202,"column":7}},"line":200},"47":{"name":"(anonymous_47)","decl":{"start":{"line":205,"column":26},"end":{"line":205,"column":27}},"loc":{"start":{"line":205,"column":32},"end":{"line":212,"column":1}},"line":205},"48":{"name":"(anonymous_48)","decl":{"start":{"line":206,"column":23},"end":{"line":206,"column":24}},"loc":{"start":{"line":206,"column":44},"end":{"line":211,"column":4}},"line":206},"49":{"name":"(anonymous_49)","decl":{"start":{"line":208,"column":68},"end":{"line":208,"column":69}},"loc":{"start":{"line":208,"column":86},"end":{"line":210,"column":7}},"line":208},"50":{"name":"(anonymous_50)","decl":{"start":{"line":213,"column":27},"end":{"line":213,"column":28}},"loc":{"start":{"line":213,"column":33},"end":{"line":220,"column":1}},"line":213},"51":{"name":"(anonymous_51)","decl":{"start":{"line":214,"column":23},"end":{"line":214,"column":24}},"loc":{"start":{"line":214,"column":44},"end":{"line":219,"column":4}},"line":214},"52":{"name":"(anonymous_52)","decl":{"start":{"line":216,"column":91},"end":{"line":216,"column":92}},"loc":{"start":{"line":216,"column":109},"end":{"line":218,"column":7}},"line":216}},"branchMap":{"0":{"loc":{"start":{"line":62,"column":10},"end":{"line":77,"column":9}},"type":"if","locations":[{"start":{"line":62,"column":10},"end":{"line":77,"column":9}},{"start":{"line":62,"column":10},"end":{"line":77,"column":9}}],"line":62}},"s":{"0":1,"1":1,"2":1,"3":1,"4":1,"5":1,"6":1,"7":1,"8":1,"9":1,"10":1,"11":1,"12":1,"13":1,"14":1,"15":1,"16":1,"17":2,"18":2,"19":2,"20":1,"21":0,"22":0,"23":0,"24":0,"25":0,"26":0,"27":0,"28":0,"29":0,"30":0,"31":1,"32":2,"33":2,"34":2,"35":1,"36":2,"37":2,"38":2,"39":1,"40":2,"41":2,"42":2,"43":1,"44":2,"45":2,"46":2,"47":1,"48":1,"49":1,"50":1,"51":1,"52":1,"53":1,"54":1,"55":1,"56":1,"57":1,"58":1,"59":1,"60":1,"61":1,"62":1,"63":1,"64":1,"65":1,"66":1,"67":1,"68":1,"69":1,"70":1,"71":1,"72":1,"73":1,"74":1,"75":1,"76":1,"77":1,"78":1,"79":1,"80":1,"81":1,"82":1,"83":1,"84":1,"85":1,"86":1,"87":1,"88":1,"89":1,"90":1,"91":1,"92":1,"93":1,"94":1,"95":1,"96":1,"97":1,"98":1,"99":1,"100":1},"f":{"0":2,"1":2,"2":2,"3":0,"4":0,"5":0,"6":2,"7":2,"8":2,"9":2,"10":2,"11":2,"12":2,"13":2,"14":2,"15":2,"16":2,"17":2,"18":1,"19":1,"20":1,"21":1,"22":1,"23":1,"24":1,"25":1,"26":1,"27":1,"28":1,"29":1,"30":1,"31":1,"32":1,"33":1,"34":1,"35":1,"36":1,"37":1,"38":1,"39":1,"40":1,"41":1,"42":1,"43":1,"44":1,"45":1,"46":1,"47":1,"48":1,"49":1,"50":1,"51":1,"52":1},"b":{"0":[0,0]},"_coverageSchema":"1a1c01bbd47fc00a2c39e90264f33305004495a9","hash":"559b99c6c3ebecd5d7366029c2805ca9273b18e3"}
,"/Users/j/Desktop/2021_Kode_Tut/CafLaM_MEAN_Stack/db/passport.js": {"path":"/Users/j/Desktop/2021_Kode_Tut/CafLaM_MEAN_Stack/db/passport.js","statementMap":{"0":{"start":{"line":1,"column":20},"end":{"line":1,"column":52}},"1":{"start":{"line":2,"column":19},"end":{"line":2,"column":53}},"2":{"start":{"line":3,"column":13},"end":{"line":3,"column":38}},"3":{"start":{"line":4,"column":15},"end":{"line":4,"column":40}},"4":{"start":{"line":6,"column":0},"end":{"line":23,"column":1}},"5":{"start":{"line":7,"column":13},"end":{"line":7,"column":15}},"6":{"start":{"line":8,"column":2},"end":{"line":8,"column":67}},"7":{"start":{"line":9,"column":2},"end":{"line":9,"column":35}},"8":{"start":{"line":10,"column":2},"end":{"line":22,"column":6}},"9":{"start":{"line":11,"column":4},"end":{"line":11,"column":29}},"10":{"start":{"line":12,"column":4},"end":{"line":21,"column":7}},"11":{"start":{"line":13,"column":6},"end":{"line":15,"column":7}},"12":{"start":{"line":14,"column":8},"end":{"line":14,"column":31}},"13":{"start":{"line":16,"column":6},"end":{"line":20,"column":7}},"14":{"start":{"line":17,"column":8},"end":{"line":17,"column":32}},"15":{"start":{"line":19,"column":8},"end":{"line":19,"column":33}}},"fnMap":{"0":{"name":"(anonymous_0)","decl":{"start":{"line":6,"column":17},"end":{"line":6,"column":18}},"loc":{"start":{"line":6,"column":36},"end":{"line":23,"column":1}},"line":6},"1":{"name":"(anonymous_1)","decl":{"start":{"line":10,"column":37},"end":{"line":10,"column":38}},"loc":{"start":{"line":10,"column":60},"end":{"line":22,"column":3}},"line":10},"2":{"name":"(anonymous_2)","decl":{"start":{"line":12,"column":38},"end":{"line":12,"column":39}},"loc":{"start":{"line":12,"column":53},"end":{"line":21,"column":5}},"line":12}},"branchMap":{"0":{"loc":{"start":{"line":13,"column":6},"end":{"line":15,"column":7}},"type":"if","locations":[{"start":{"line":13,"column":6},"end":{"line":15,"column":7}},{"start":{"line":13,"column":6},"end":{"line":15,"column":7}}],"line":13},"1":{"loc":{"start":{"line":16,"column":6},"end":{"line":20,"column":7}},"type":"if","locations":[{"start":{"line":16,"column":6},"end":{"line":20,"column":7}},{"start":{"line":16,"column":6},"end":{"line":20,"column":7}}],"line":16}},"s":{"0":1,"1":1,"2":1,"3":1,"4":1,"5":1,"6":1,"7":1,"8":1,"9":0,"10":0,"11":0,"12":0,"13":0,"14":0,"15":0},"f":{"0":1,"1":0,"2":0},"b":{"0":[0,0],"1":[0,0]},"_coverageSchema":"1a1c01bbd47fc00a2c39e90264f33305004495a9","hash":"99a089255cd197394a53a2a62fdd36c605da0156"}
,"/Users/j/Desktop/2021_Kode_Tut/CafLaM_MEAN_Stack/models/user.js": {"path":"/Users/j/Desktop/2021_Kode_Tut/CafLaM_MEAN_Stack/models/user.js","statementMap":{"0":{"start":{"line":1,"column":17},"end":{"line":1,"column":36}},"1":{"start":{"line":2,"column":15},"end":{"line":2,"column":34}},"2":{"start":{"line":3,"column":15},"end":{"line":3,"column":40}},"3":{"start":{"line":6,"column":19},"end":{"line":22,"column":2}},"4":{"start":{"line":24,"column":13},"end":{"line":24,"column":64}},"5":{"start":{"line":26,"column":0},"end":{"line":28,"column":1}},"6":{"start":{"line":27,"column":2},"end":{"line":27,"column":30}},"7":{"start":{"line":30,"column":0},"end":{"line":33,"column":1}},"8":{"start":{"line":31,"column":16},"end":{"line":31,"column":36}},"9":{"start":{"line":32,"column":2},"end":{"line":32,"column":32}},"10":{"start":{"line":34,"column":0},"end":{"line":43,"column":1}},"11":{"start":{"line":36,"column":3},"end":{"line":42,"column":5}},"12":{"start":{"line":37,"column":6},"end":{"line":41,"column":9}},"13":{"start":{"line":38,"column":8},"end":{"line":38,"column":35}},"14":{"start":{"line":38,"column":17},"end":{"line":38,"column":34}},"15":{"start":{"line":39,"column":8},"end":{"line":39,"column":32}},"16":{"start":{"line":40,"column":8},"end":{"line":40,"column":31}},"17":{"start":{"line":44,"column":0},"end":{"line":49,"column":1}},"18":{"start":{"line":45,"column":4},"end":{"line":48,"column":7}},"19":{"start":{"line":46,"column":6},"end":{"line":46,"column":24}},"20":{"start":{"line":46,"column":14},"end":{"line":46,"column":24}},"21":{"start":{"line":47,"column":6},"end":{"line":47,"column":30}}},"fnMap":{"0":{"name":"(anonymous_0)","decl":{"start":{"line":26,"column":29},"end":{"line":26,"column":30}},"loc":{"start":{"line":26,"column":53},"end":{"line":28,"column":1}},"line":26},"1":{"name":"(anonymous_1)","decl":{"start":{"line":30,"column":35},"end":{"line":30,"column":36}},"loc":{"start":{"line":30,"column":65},"end":{"line":33,"column":1}},"line":30},"2":{"name":"(anonymous_2)","decl":{"start":{"line":34,"column":25},"end":{"line":34,"column":26}},"loc":{"start":{"line":34,"column":53},"end":{"line":43,"column":1}},"line":34},"3":{"name":"(anonymous_3)","decl":{"start":{"line":36,"column":22},"end":{"line":36,"column":23}},"loc":{"start":{"line":36,"column":36},"end":{"line":42,"column":3}},"line":36},"4":{"name":"(anonymous_4)","decl":{"start":{"line":37,"column":43},"end":{"line":37,"column":44}},"loc":{"start":{"line":37,"column":58},"end":{"line":41,"column":7}},"line":37},"5":{"name":"(anonymous_5)","decl":{"start":{"line":44,"column":33},"end":{"line":44,"column":34}},"loc":{"start":{"line":44,"column":76},"end":{"line":49,"column":1}},"line":44},"6":{"name":"(anonymous_6)","decl":{"start":{"line":45,"column":44},"end":{"line":45,"column":45}},"loc":{"start":{"line":45,"column":62},"end":{"line":48,"column":5}},"line":45}},"branchMap":{"0":{"loc":{"start":{"line":38,"column":8},"end":{"line":38,"column":35}},"type":"if","locations":[{"start":{"line":38,"column":8},"end":{"line":38,"column":35}},{"start":{"line":38,"column":8},"end":{"line":38,"column":35}}],"line":38},"1":{"loc":{"start":{"line":46,"column":6},"end":{"line":46,"column":24}},"type":"if","locations":[{"start":{"line":46,"column":6},"end":{"line":46,"column":24}},{"start":{"line":46,"column":6},"end":{"line":46,"column":24}}],"line":46}},"s":{"0":1,"1":1,"2":1,"3":1,"4":1,"5":1,"6":0,"7":1,"8":0,"9":0,"10":1,"11":0,"12":0,"13":0,"14":0,"15":0,"16":0,"17":1,"18":0,"19":0,"20":0,"21":0},"f":{"0":0,"1":0,"2":0,"3":0,"4":0,"5":0,"6":0},"b":{"0":[0,0],"1":[0,0]},"_coverageSchema":"1a1c01bbd47fc00a2c39e90264f33305004495a9","hash":"240c0a1de899d3c523d44c4d5e984e608a7abf80"}
,"/Users/j/Desktop/2021_Kode_Tut/CafLaM_MEAN_Stack/routes/greenhouse.js": {"path":"/Users/j/Desktop/2021_Kode_Tut/CafLaM_MEAN_Stack/routes/greenhouse.js","statementMap":{"0":{"start":{"line":1,"column":16},"end":{"line":1,"column":34}},"1":{"start":{"line":2,"column":16},"end":{"line":2,"column":34}},"2":{"start":{"line":6,"column":13},"end":{"line":6,"column":29}},"3":{"start":{"line":9,"column":0},"end":{"line":18,"column":5}},"4":{"start":{"line":10,"column":6},"end":{"line":17,"column":8}},"5":{"start":{"line":12,"column":8},"end":{"line":15,"column":9}},"6":{"start":{"line":14,"column":10},"end":{"line":14,"column":73}},"7":{"start":{"line":16,"column":8},"end":{"line":16,"column":35}},"8":{"start":{"line":22,"column":0},"end":{"line":22,"column":24}}},"fnMap":{"0":{"name":"(anonymous_0)","decl":{"start":{"line":9,"column":25},"end":{"line":9,"column":26}},"loc":{"start":{"line":9,"column":39},"end":{"line":18,"column":3}},"line":9},"1":{"name":"(anonymous_1)","decl":{"start":{"line":10,"column":56},"end":{"line":10,"column":57}},"loc":{"start":{"line":10,"column":83},"end":{"line":17,"column":7}},"line":10}},"branchMap":{"0":{"loc":{"start":{"line":12,"column":8},"end":{"line":15,"column":9}},"type":"if","locations":[{"start":{"line":12,"column":8},"end":{"line":15,"column":9}},{"start":{"line":12,"column":8},"end":{"line":15,"column":9}}],"line":12},"1":{"loc":{"start":{"line":12,"column":12},"end":{"line":12,"column":48}},"type":"binary-expr","locations":[{"start":{"line":12,"column":12},"end":{"line":12,"column":17}},{"start":{"line":12,"column":21},"end":{"line":12,"column":48}}],"line":12}},"s":{"0":1,"1":1,"2":1,"3":1,"4":1,"5":0,"6":0,"7":0,"8":1},"f":{"0":1,"1":0},"b":{"0":[0,0],"1":[0,0]},"_coverageSchema":"1a1c01bbd47fc00a2c39e90264f33305004495a9","hash":"6dfb94b33493b316ff490b21af32693667f0f338"}
,"/Users/j/Desktop/2021_Kode_Tut/CafLaM_MEAN_Stack/routes/index.js": {"path":"/Users/j/Desktop/2021_Kode_Tut/CafLaM_MEAN_Stack/routes/index.js","statementMap":{"0":{"start":{"line":1,"column":14},"end":{"line":1,"column":32}},"1":{"start":{"line":2,"column":13},"end":{"line":2,"column":29}},"2":{"start":{"line":5,"column":0},"end":{"line":7,"column":3}},"3":{"start":{"line":6,"column":2},"end":{"line":6,"column":27}},"4":{"start":{"line":10,"column":0},"end":{"line":10,"column":24}}},"fnMap":{"0":{"name":"(anonymous_0)","decl":{"start":{"line":5,"column":16},"end":{"line":5,"column":17}},"loc":{"start":{"line":5,"column":41},"end":{"line":7,"column":1}},"line":5}},"branchMap":{},"s":{"0":1,"1":1,"2":1,"3":1,"4":1},"f":{"0":1},"b":{},"_coverageSchema":"1a1c01bbd47fc00a2c39e90264f33305004495a9","hash":"a659cf92fbccf2dfba05d7b162ef4ec5ed0ef9f6"}
,"/Users/j/Desktop/2021_Kode_Tut/CafLaM_MEAN_Stack/routes/inventory.js": {"path":"/Users/j/Desktop/2021_Kode_Tut/CafLaM_MEAN_Stack/routes/inventory.js","statementMap":{"0":{"start":{"line":1,"column":16},"end":{"line":1,"column":34}},"1":{"start":{"line":2,"column":11},"end":{"line":2,"column":27}},"2":{"start":{"line":4,"column":13},"end":{"line":4,"column":29}},"3":{"start":{"line":6,"column":0},"end":{"line":13,"column":3}},"4":{"start":{"line":7,"column":2},"end":{"line":12,"column":5}},"5":{"start":{"line":15,"column":0},"end":{"line":17,"column":3}},"6":{"start":{"line":16,"column":2},"end":{"line":16,"column":61}},"7":{"start":{"line":19,"column":0},"end":{"line":21,"column":3}},"8":{"start":{"line":20,"column":2},"end":{"line":20,"column":67}},"9":{"start":{"line":23,"column":0},"end":{"line":25,"column":3}},"10":{"start":{"line":24,"column":2},"end":{"line":24,"column":71}},"11":{"start":{"line":27,"column":0},"end":{"line":29,"column":3}},"12":{"start":{"line":28,"column":2},"end":{"line":28,"column":73}},"13":{"start":{"line":31,"column":0},"end":{"line":35,"column":3}},"14":{"start":{"line":32,"column":4},"end":{"line":34,"column":7}},"15":{"start":{"line":37,"column":0},"end":{"line":41,"column":3}},"16":{"start":{"line":38,"column":4},"end":{"line":40,"column":7}},"17":{"start":{"line":43,"column":0},"end":{"line":45,"column":7}},"18":{"start":{"line":44,"column":4},"end":{"line":44,"column":224}},"19":{"start":{"line":47,"column":0},"end":{"line":49,"column":3}},"20":{"start":{"line":48,"column":4},"end":{"line":48,"column":108}},"21":{"start":{"line":50,"column":0},"end":{"line":52,"column":3}},"22":{"start":{"line":51,"column":4},"end":{"line":51,"column":114}},"23":{"start":{"line":53,"column":0},"end":{"line":55,"column":3}},"24":{"start":{"line":54,"column":4},"end":{"line":54,"column":120}},"25":{"start":{"line":72,"column":0},"end":{"line":72,"column":24}}},"fnMap":{"0":{"name":"(anonymous_0)","decl":{"start":{"line":6,"column":16},"end":{"line":6,"column":17}},"loc":{"start":{"line":6,"column":42},"end":{"line":13,"column":1}},"line":6},"1":{"name":"(anonymous_1)","decl":{"start":{"line":15,"column":21},"end":{"line":15,"column":22}},"loc":{"start":{"line":15,"column":47},"end":{"line":17,"column":1}},"line":15},"2":{"name":"(anonymous_2)","decl":{"start":{"line":19,"column":24},"end":{"line":19,"column":25}},"loc":{"start":{"line":19,"column":50},"end":{"line":21,"column":1}},"line":19},"3":{"name":"(anonymous_3)","decl":{"start":{"line":23,"column":26},"end":{"line":23,"column":27}},"loc":{"start":{"line":23,"column":52},"end":{"line":25,"column":1}},"line":23},"4":{"name":"(anonymous_4)","decl":{"start":{"line":27,"column":27},"end":{"line":27,"column":28}},"loc":{"start":{"line":27,"column":53},"end":{"line":29,"column":1}},"line":27},"5":{"name":"(anonymous_5)","decl":{"start":{"line":31,"column":54},"end":{"line":31,"column":55}},"loc":{"start":{"line":31,"column":80},"end":{"line":35,"column":1}},"line":31},"6":{"name":"(anonymous_6)","decl":{"start":{"line":37,"column":79},"end":{"line":37,"column":80}},"loc":{"start":{"line":37,"column":105},"end":{"line":41,"column":1}},"line":37},"7":{"name":"(anonymous_7)","decl":{"start":{"line":43,"column":75},"end":{"line":43,"column":76}},"loc":{"start":{"line":43,"column":101},"end":{"line":45,"column":5}},"line":43},"8":{"name":"(anonymous_8)","decl":{"start":{"line":47,"column":29},"end":{"line":47,"column":30}},"loc":{"start":{"line":47,"column":55},"end":{"line":49,"column":1}},"line":47},"9":{"name":"(anonymous_9)","decl":{"start":{"line":50,"column":32},"end":{"line":50,"column":33}},"loc":{"start":{"line":50,"column":58},"end":{"line":52,"column":1}},"line":50},"10":{"name":"(anonymous_10)","decl":{"start":{"line":53,"column":35},"end":{"line":53,"column":36}},"loc":{"start":{"line":53,"column":61},"end":{"line":55,"column":1}},"line":53}},"branchMap":{},"s":{"0":1,"1":1,"2":1,"3":1,"4":1,"5":1,"6":1,"7":1,"8":1,"9":1,"10":1,"11":1,"12":1,"13":1,"14":1,"15":1,"16":1,"17":1,"18":1,"19":1,"20":1,"21":1,"22":1,"23":1,"24":1,"25":1},"f":{"0":1,"1":1,"2":1,"3":1,"4":1,"5":1,"6":1,"7":1,"8":1,"9":1,"10":1},"b":{},"_coverageSchema":"1a1c01bbd47fc00a2c39e90264f33305004495a9","hash":"43414a072e87bd8a259ee86675924e040ceb2439"}
,"/Users/j/Desktop/2021_Kode_Tut/CafLaM_MEAN_Stack/routes/promocode.js": {"path":"/Users/j/Desktop/2021_Kode_Tut/CafLaM_MEAN_Stack/routes/promocode.js","statementMap":{"0":{"start":{"line":1,"column":16},"end":{"line":1,"column":34}},"1":{"start":{"line":2,"column":11},"end":{"line":2,"column":27}},"2":{"start":{"line":4,"column":13},"end":{"line":4,"column":29}},"3":{"start":{"line":7,"column":0},"end":{"line":9,"column":3}},"4":{"start":{"line":8,"column":4},"end":{"line":8,"column":54}},"5":{"start":{"line":11,"column":0},"end":{"line":15,"column":3}},"6":{"start":{"line":12,"column":4},"end":{"line":14,"column":6}},"7":{"start":{"line":17,"column":0},"end":{"line":19,"column":3}},"8":{"start":{"line":18,"column":4},"end":{"line":18,"column":85}},"9":{"start":{"line":20,"column":0},"end":{"line":20,"column":24}}},"fnMap":{"0":{"name":"(anonymous_0)","decl":{"start":{"line":7,"column":16},"end":{"line":7,"column":17}},"loc":{"start":{"line":7,"column":42},"end":{"line":9,"column":1}},"line":7},"1":{"name":"(anonymous_1)","decl":{"start":{"line":11,"column":89},"end":{"line":11,"column":90}},"loc":{"start":{"line":11,"column":115},"end":{"line":15,"column":1}},"line":11},"2":{"name":"(anonymous_2)","decl":{"start":{"line":17,"column":23},"end":{"line":17,"column":24}},"loc":{"start":{"line":17,"column":49},"end":{"line":19,"column":1}},"line":17}},"branchMap":{},"s":{"0":1,"1":1,"2":1,"3":1,"4":1,"5":1,"6":1,"7":1,"8":1,"9":1},"f":{"0":1,"1":1,"2":1},"b":{},"_coverageSchema":"1a1c01bbd47fc00a2c39e90264f33305004495a9","hash":"c80953c879939a5dc366d5ff0563a3a7d375142f"}
,"/Users/j/Desktop/2021_Kode_Tut/CafLaM_MEAN_Stack/routes/public.js": {"path":"/Users/j/Desktop/2021_Kode_Tut/CafLaM_MEAN_Stack/routes/public.js","statementMap":{"0":{"start":{"line":1,"column":16},"end":{"line":1,"column":34}},"1":{"start":{"line":2,"column":11},"end":{"line":2,"column":27}},"2":{"start":{"line":4,"column":13},"end":{"line":4,"column":29}},"3":{"start":{"line":5,"column":0},"end":{"line":5,"column":42}},"4":{"start":{"line":7,"column":0},"end":{"line":9,"column":3}},"5":{"start":{"line":8,"column":2},"end":{"line":8,"column":44}},"6":{"start":{"line":11,"column":0},"end":{"line":11,"column":24}}},"fnMap":{"0":{"name":"(anonymous_0)","decl":{"start":{"line":7,"column":16},"end":{"line":7,"column":17}},"loc":{"start":{"line":7,"column":42},"end":{"line":9,"column":1}},"line":7}},"branchMap":{},"s":{"0":1,"1":1,"2":1,"3":1,"4":1,"5":0,"6":1},"f":{"0":0},"b":{},"_coverageSchema":"1a1c01bbd47fc00a2c39e90264f33305004495a9","hash":"f1eb3a624b20d0f0c8fef0e7334244ecb5465b34"}
,"/Users/j/Desktop/2021_Kode_Tut/CafLaM_MEAN_Stack/routes/smarthome.js": {"path":"/Users/j/Desktop/2021_Kode_Tut/CafLaM_MEAN_Stack/routes/smarthome.js","statementMap":{"0":{"start":{"line":1,"column":16},"end":{"line":1,"column":34}},"1":{"start":{"line":2,"column":16},"end":{"line":2,"column":34}},"2":{"start":{"line":6,"column":13},"end":{"line":6,"column":29}},"3":{"start":{"line":9,"column":0},"end":{"line":18,"column":5}},"4":{"start":{"line":10,"column":6},"end":{"line":17,"column":8}},"5":{"start":{"line":12,"column":8},"end":{"line":15,"column":9}},"6":{"start":{"line":14,"column":10},"end":{"line":14,"column":73}},"7":{"start":{"line":16,"column":8},"end":{"line":16,"column":35}},"8":{"start":{"line":22,"column":0},"end":{"line":22,"column":24}}},"fnMap":{"0":{"name":"(anonymous_0)","decl":{"start":{"line":9,"column":25},"end":{"line":9,"column":26}},"loc":{"start":{"line":9,"column":39},"end":{"line":18,"column":3}},"line":9},"1":{"name":"(anonymous_1)","decl":{"start":{"line":10,"column":56},"end":{"line":10,"column":57}},"loc":{"start":{"line":10,"column":83},"end":{"line":17,"column":7}},"line":10}},"branchMap":{"0":{"loc":{"start":{"line":12,"column":8},"end":{"line":15,"column":9}},"type":"if","locations":[{"start":{"line":12,"column":8},"end":{"line":15,"column":9}},{"start":{"line":12,"column":8},"end":{"line":15,"column":9}}],"line":12},"1":{"loc":{"start":{"line":12,"column":12},"end":{"line":12,"column":48}},"type":"binary-expr","locations":[{"start":{"line":12,"column":12},"end":{"line":12,"column":17}},{"start":{"line":12,"column":21},"end":{"line":12,"column":48}}],"line":12}},"s":{"0":1,"1":1,"2":1,"3":1,"4":0,"5":0,"6":0,"7":0,"8":1},"f":{"0":0,"1":0},"b":{"0":[0,0],"1":[0,0]},"_coverageSchema":"1a1c01bbd47fc00a2c39e90264f33305004495a9","hash":"5fadf465299620a37454532ad6c78782ef4ca619"}
,"/Users/j/Desktop/2021_Kode_Tut/CafLaM_MEAN_Stack/routes/users.js": {"path":"/Users/j/Desktop/2021_Kode_Tut/CafLaM_MEAN_Stack/routes/users.js","statementMap":{"0":{"start":{"line":1,"column":16},"end":{"line":1,"column":34}},"1":{"start":{"line":2,"column":11},"end":{"line":2,"column":27}},"2":{"start":{"line":3,"column":17},"end":{"line":3,"column":36}},"3":{"start":{"line":4,"column":12},"end":{"line":4,"column":35}},"4":{"start":{"line":8,"column":13},"end":{"line":8,"column":29}},"5":{"start":{"line":11,"column":0},"end":{"line":13,"column":3}},"6":{"start":{"line":12,"column":4},"end":{"line":12,"column":56}},"7":{"start":{"line":15,"column":0},"end":{"line":20,"column":3}},"8":{"start":{"line":16,"column":2},"end":{"line":19,"column":13}},"9":{"start":{"line":23,"column":0},"end":{"line":27,"column":3}},"10":{"start":{"line":24,"column":4},"end":{"line":26,"column":6}},"11":{"start":{"line":29,"column":0},"end":{"line":31,"column":3}},"12":{"start":{"line":30,"column":4},"end":{"line":30,"column":83}},"13":{"start":{"line":32,"column":0},"end":{"line":32,"column":24}}},"fnMap":{"0":{"name":"(anonymous_0)","decl":{"start":{"line":11,"column":16},"end":{"line":11,"column":17}},"loc":{"start":{"line":11,"column":42},"end":{"line":13,"column":1}},"line":11},"1":{"name":"(anonymous_1)","decl":{"start":{"line":15,"column":53},"end":{"line":15,"column":54}},"loc":{"start":{"line":15,"column":79},"end":{"line":20,"column":1}},"line":15},"2":{"name":"(anonymous_2)","decl":{"start":{"line":23,"column":36},"end":{"line":23,"column":37}},"loc":{"start":{"line":23,"column":62},"end":{"line":27,"column":1}},"line":23},"3":{"name":"(anonymous_3)","decl":{"start":{"line":29,"column":23},"end":{"line":29,"column":24}},"loc":{"start":{"line":29,"column":49},"end":{"line":31,"column":1}},"line":29}},"branchMap":{},"s":{"0":1,"1":1,"2":1,"3":1,"4":1,"5":1,"6":2,"7":1,"8":0,"9":1,"10":1,"11":1,"12":1,"13":1},"f":{"0":2,"1":0,"2":1,"3":1},"b":{},"_coverageSchema":"1a1c01bbd47fc00a2c39e90264f33305004495a9","hash":"49daff25ae731cb72bb30dd6b67c667cdcbfa275"}
}
