TN:
SF:app.js
FN:52,(anonymous_0)
FN:57,(anonymous_1)
FNF:2
FNH:2
FNDA:6,(anonymous_0)
FNDA:6,(anonymous_1)
DA:1,2
DA:2,2
DA:3,2
DA:4,2
DA:5,2
DA:6,2
DA:7,2
DA:10,2
DA:11,2
DA:12,2
DA:13,2
DA:15,2
DA:16,2
DA:17,2
DA:28,2
DA:29,2
DA:30,2
DA:31,2
DA:32,2
DA:33,2
DA:36,2
DA:37,2
DA:38,2
DA:40,2
DA:41,2
DA:42,2
DA:43,2
DA:45,2
DA:46,2
DA:49,2
DA:52,2
DA:53,6
DA:57,2
DA:59,6
DA:60,6
DA:63,6
DA:64,6
DA:67,2
LF:38
LH:38
BRDA:60,0,0,0
BRDA:60,0,1,6
BRDA:63,1,0,6
BRDA:63,1,1,0
BRF:4
BRH:2
end_of_record
TN:
SF:db/index.js
FN:47,(anonymous_0)
FN:48,(anonymous_1)
FN:49,(anonymous_2)
FN:55,(anonymous_3)
FN:56,(anonymous_4)
FN:57,(anonymous_5)
FN:63,(anonymous_6)
FN:64,(anonymous_7)
FN:65,(anonymous_8)
FN:71,(anonymous_9)
FN:72,(anonymous_10)
FN:73,(anonymous_11)
FN:79,(anonymous_12)
FN:80,(anonymous_13)
FN:81,(anonymous_14)
FN:87,(anonymous_15)
FN:88,(anonymous_16)
FN:89,(anonymous_17)
FN:94,(anonymous_18)
FN:95,(anonymous_19)
FN:97,(anonymous_20)
FN:103,(anonymous_21)
FN:104,(anonymous_22)
FN:107,(anonymous_23)
FN:112,(anonymous_24)
FN:118,(anonymous_25)
FN:119,(anonymous_26)
FN:122,(anonymous_27)
FN:126,(anonymous_28)
FN:132,(anonymous_29)
FN:133,(anonymous_30)
FN:136,(anonymous_31)
FN:143,(anonymous_32)
FN:144,(anonymous_33)
FN:147,(anonymous_34)
FN:154,(anonymous_35)
FN:155,(anonymous_36)
FN:157,(anonymous_37)
FN:162,(anonymous_38)
FN:163,(anonymous_39)
FN:165,(anonymous_40)
FN:170,(anonymous_41)
FN:171,(anonymous_42)
FN:173,(anonymous_43)
FN:178,(anonymous_44)
FN:179,(anonymous_45)
FN:181,(anonymous_46)
FN:186,(anonymous_47)
FN:187,(anonymous_48)
FN:189,(anonymous_49)
FNF:50
FNH:50
FNDA:2,(anonymous_0)
FNDA:2,(anonymous_1)
FNDA:2,(anonymous_2)
FNDA:2,(anonymous_3)
FNDA:2,(anonymous_4)
FNDA:2,(anonymous_5)
FNDA:2,(anonymous_6)
FNDA:2,(anonymous_7)
FNDA:2,(anonymous_8)
FNDA:2,(anonymous_9)
FNDA:2,(anonymous_10)
FNDA:2,(anonymous_11)
FNDA:2,(anonymous_12)
FNDA:2,(anonymous_13)
FNDA:2,(anonymous_14)
FNDA:1,(anonymous_15)
FNDA:1,(anonymous_16)
FNDA:1,(anonymous_17)
FNDA:1,(anonymous_18)
FNDA:1,(anonymous_19)
FNDA:1,(anonymous_20)
FNDA:1,(anonymous_21)
FNDA:1,(anonymous_22)
FNDA:1,(anonymous_23)
FNDA:1,(anonymous_24)
FNDA:1,(anonymous_25)
FNDA:1,(anonymous_26)
FNDA:1,(anonymous_27)
FNDA:1,(anonymous_28)
FNDA:1,(anonymous_29)
FNDA:1,(anonymous_30)
FNDA:1,(anonymous_31)
FNDA:1,(anonymous_32)
FNDA:1,(anonymous_33)
FNDA:1,(anonymous_34)
FNDA:1,(anonymous_35)
FNDA:1,(anonymous_36)
FNDA:1,(anonymous_37)
FNDA:1,(anonymous_38)
FNDA:1,(anonymous_39)
FNDA:1,(anonymous_40)
FNDA:1,(anonymous_41)
FNDA:1,(anonymous_42)
FNDA:1,(anonymous_43)
FNDA:1,(anonymous_44)
FNDA:1,(anonymous_45)
FNDA:1,(anonymous_46)
FNDA:1,(anonymous_47)
FNDA:1,(anonymous_48)
FNDA:1,(anonymous_49)
DA:1,2
DA:2,2
DA:3,2
DA:5,2
DA:6,2
DA:8,2
DA:9,2
DA:10,2
DA:11,2
DA:12,2
DA:20,2
DA:28,2
DA:36,2
DA:45,2
DA:47,2
DA:48,2
DA:49,2
DA:50,2
DA:55,2
DA:56,2
DA:57,2
DA:58,2
DA:63,2
DA:64,2
DA:65,2
DA:66,2
DA:71,2
DA:72,2
DA:73,2
DA:74,2
DA:79,2
DA:80,2
DA:81,2
DA:82,2
DA:87,2
DA:88,1
DA:89,1
DA:90,1
DA:94,2
DA:95,1
DA:96,1
DA:97,1
DA:98,1
DA:103,2
DA:104,1
DA:105,1
DA:107,1
DA:109,1
DA:112,1
DA:113,1
DA:118,2
DA:119,1
DA:120,1
DA:122,1
DA:124,1
DA:126,1
DA:127,1
DA:132,2
DA:133,1
DA:134,1
DA:136,1
DA:138,1
DA:143,2
DA:144,1
DA:145,1
DA:147,1
DA:149,1
DA:154,2
DA:155,1
DA:157,1
DA:158,1
DA:162,2
DA:163,1
DA:165,1
DA:166,1
DA:170,2
DA:171,1
DA:173,1
DA:174,1
DA:178,2
DA:179,1
DA:181,1
DA:182,1
DA:186,2
DA:187,1
DA:189,1
DA:190,1
DA:214,2
LF:88
LH:88
BRF:0
BRH:0
end_of_record
TN:
SF:routes/greenhouse.js
FN:9,(anonymous_0)
FN:10,(anonymous_1)
FNF:2
FNH:2
FNDA:1,(anonymous_0)
FNDA:1,(anonymous_1)
DA:1,2
DA:2,2
DA:6,2
DA:9,2
DA:10,1
DA:12,1
DA:14,0
DA:16,1
DA:22,2
LF:9
LH:8
BRDA:12,0,0,0
BRDA:12,0,1,1
BRDA:12,1,0,1
BRDA:12,1,1,1
BRF:4
BRH:3
end_of_record
TN:
SF:routes/index.js
FN:5,(anonymous_0)
FNF:1
FNH:1
FNDA:1,(anonymous_0)
DA:1,2
DA:2,2
DA:5,2
DA:6,1
DA:10,2
LF:5
LH:5
BRF:0
BRH:0
end_of_record
TN:
SF:routes/inventory.js
FN:6,(anonymous_0)
FN:15,(anonymous_1)
FN:19,(anonymous_2)
FN:23,(anonymous_3)
FN:27,(anonymous_4)
FN:31,(anonymous_5)
FN:37,(anonymous_6)
FN:43,(anonymous_7)
FN:47,(anonymous_8)
FN:50,(anonymous_9)
FN:53,(anonymous_10)
FNF:11
FNH:11
FNDA:1,(anonymous_0)
FNDA:1,(anonymous_1)
FNDA:1,(anonymous_2)
FNDA:1,(anonymous_3)
FNDA:1,(anonymous_4)
FNDA:1,(anonymous_5)
FNDA:1,(anonymous_6)
FNDA:1,(anonymous_7)
FNDA:1,(anonymous_8)
FNDA:1,(anonymous_9)
FNDA:1,(anonymous_10)
DA:1,2
DA:2,2
DA:4,2
DA:6,2
DA:7,1
DA:15,2
DA:16,1
DA:19,2
DA:20,1
DA:23,2
DA:24,1
DA:27,2
DA:28,1
DA:31,2
DA:32,1
DA:37,2
DA:38,1
DA:43,2
DA:44,1
DA:47,2
DA:48,1
DA:50,2
DA:51,1
DA:53,2
DA:54,1
DA:72,2
LF:26
LH:26
BRF:0
BRH:0
end_of_record
TN:
SF:routes/promocode.js
FN:7,(anonymous_0)
FN:11,(anonymous_1)
FN:17,(anonymous_2)
FNF:3
FNH:3
FNDA:1,(anonymous_0)
FNDA:1,(anonymous_1)
FNDA:1,(anonymous_2)
DA:1,2
DA:2,2
DA:4,2
DA:7,2
DA:8,1
DA:11,2
DA:12,1
DA:17,2
DA:18,1
DA:20,2
LF:10
LH:10
BRF:0
BRH:0
end_of_record
TN:
SF:routes/public.js
FN:7,(anonymous_0)
FNF:1
FNH:0
FNDA:0,(anonymous_0)
DA:1,2
DA:2,2
DA:4,2
DA:5,2
DA:7,2
DA:8,0
DA:11,2
LF:7
LH:6
BRF:0
BRH:0
end_of_record
TN:
SF:routes/smarthome.js
FN:9,(anonymous_0)
FN:10,(anonymous_1)
FNF:2
FNH:2
FNDA:1,(anonymous_0)
FNDA:1,(anonymous_1)
DA:1,2
DA:2,2
DA:6,2
DA:9,2
DA:10,1
DA:12,1
DA:14,0
DA:16,1
DA:22,2
LF:9
LH:8
BRDA:12,0,0,0
BRDA:12,0,1,1
BRDA:12,1,0,1
BRDA:12,1,1,1
BRF:4
BRH:3
end_of_record
TN:
SF:routes/users.js
FN:7,(anonymous_0)
FN:11,(anonymous_1)
FN:17,(anonymous_2)
FNF:3
FNH:3
FNDA:2,(anonymous_0)
FNDA:1,(anonymous_1)
FNDA:1,(anonymous_2)
DA:1,2
DA:2,2
DA:4,2
DA:7,2
DA:8,2
DA:11,2
DA:12,1
DA:17,2
DA:18,1
DA:20,2
LF:10
LH:10
BRF:0
BRH:0
end_of_record
