TN:
SF:app.js
FN:52,(anonymous_0)
FN:57,(anonymous_1)
FN:67,(anonymous_2)
FNF:3
FNH:0
FNDA:0,(anonymous_0)
FNDA:0,(anonymous_1)
FNDA:0,(anonymous_2)
DA:1,2
DA:2,2
DA:3,2
DA:4,2
DA:5,2
DA:6,2
DA:7,2
DA:10,2
DA:11,2
DA:12,2
DA:13,2
DA:15,2
DA:16,2
DA:27,2
DA:28,2
DA:29,2
DA:30,2
DA:31,2
DA:32,2
DA:35,2
DA:36,2
DA:37,2
DA:39,2
DA:40,2
DA:41,2
DA:42,2
DA:44,2
DA:47,2
DA:52,2
DA:53,0
DA:57,2
DA:59,0
DA:60,0
DA:63,0
DA:64,0
DA:66,2
DA:67,0
DA:68,0
DA:71,2
LF:39
LH:32
BRDA:60,0,0,0
BRDA:60,0,1,0
BRDA:63,1,0,0
BRDA:63,1,1,0
BRDA:66,2,0,0
BRDA:66,2,1,2
BRDA:67,3,0,0
BRDA:67,3,1,0
BRDA:68,4,0,0
BRDA:68,4,1,0
BRF:10
BRH:1
end_of_record
TN:
SF:db/index.js
FN:47,(anonymous_0)
FN:48,(anonymous_1)
FN:49,(anonymous_2)
FN:58,(anonymous_3)
FN:59,(anonymous_4)
FN:60,(anonymous_5)
FN:69,(anonymous_6)
FN:70,(anonymous_7)
FN:71,(anonymous_8)
FN:80,(anonymous_9)
FN:81,(anonymous_10)
FN:82,(anonymous_11)
FN:91,(anonymous_12)
FN:92,(anonymous_13)
FN:93,(anonymous_14)
FN:102,(anonymous_15)
FN:103,(anonymous_16)
FN:104,(anonymous_17)
FN:112,(anonymous_18)
FN:113,(anonymous_19)
FN:116,(anonymous_20)
FN:126,(anonymous_21)
FN:127,(anonymous_22)
FN:130,(anonymous_23)
FN:138,(anonymous_24)
FN:148,(anonymous_25)
FN:149,(anonymous_26)
FN:152,(anonymous_27)
FN:159,(anonymous_28)
FN:169,(anonymous_29)
FN:170,(anonymous_30)
FN:173,(anonymous_31)
FN:183,(anonymous_32)
FN:184,(anonymous_33)
FN:187,(anonymous_34)
FN:197,(anonymous_35)
FN:198,(anonymous_36)
FN:200,(anonymous_37)
FN:208,(anonymous_38)
FN:209,(anonymous_39)
FN:211,(anonymous_40)
FN:219,(anonymous_41)
FN:220,(anonymous_42)
FN:222,(anonymous_43)
FN:230,(anonymous_44)
FN:231,(anonymous_45)
FN:233,(anonymous_46)
FN:241,(anonymous_47)
FN:242,(anonymous_48)
FN:244,(anonymous_49)
FNF:50
FNH:50
FNDA:2,(anonymous_0)
FNDA:2,(anonymous_1)
FNDA:2,(anonymous_2)
FNDA:1,(anonymous_3)
FNDA:1,(anonymous_4)
FNDA:1,(anonymous_5)
FNDA:1,(anonymous_6)
FNDA:1,(anonymous_7)
FNDA:1,(anonymous_8)
FNDA:1,(anonymous_9)
FNDA:1,(anonymous_10)
FNDA:1,(anonymous_11)
FNDA:1,(anonymous_12)
FNDA:1,(anonymous_13)
FNDA:1,(anonymous_14)
FNDA:1,(anonymous_15)
FNDA:1,(anonymous_16)
FNDA:1,(anonymous_17)
FNDA:1,(anonymous_18)
FNDA:1,(anonymous_19)
FNDA:1,(anonymous_20)
FNDA:1,(anonymous_21)
FNDA:1,(anonymous_22)
FNDA:1,(anonymous_23)
FNDA:1,(anonymous_24)
FNDA:1,(anonymous_25)
FNDA:1,(anonymous_26)
FNDA:1,(anonymous_27)
FNDA:1,(anonymous_28)
FNDA:1,(anonymous_29)
FNDA:1,(anonymous_30)
FNDA:1,(anonymous_31)
FNDA:1,(anonymous_32)
FNDA:1,(anonymous_33)
FNDA:1,(anonymous_34)
FNDA:1,(anonymous_35)
FNDA:1,(anonymous_36)
FNDA:1,(anonymous_37)
FNDA:1,(anonymous_38)
FNDA:1,(anonymous_39)
FNDA:1,(anonymous_40)
FNDA:1,(anonymous_41)
FNDA:1,(anonymous_42)
FNDA:1,(anonymous_43)
FNDA:1,(anonymous_44)
FNDA:1,(anonymous_45)
FNDA:1,(anonymous_46)
FNDA:1,(anonymous_47)
FNDA:1,(anonymous_48)
FNDA:1,(anonymous_49)
DA:1,2
DA:2,2
DA:3,2
DA:5,2
DA:6,2
DA:8,2
DA:9,2
DA:10,2
DA:11,2
DA:12,2
DA:20,2
DA:28,2
DA:36,2
DA:45,2
DA:47,2
DA:48,2
DA:49,2
DA:50,2
DA:51,0
DA:53,2
DA:58,2
DA:59,1
DA:60,1
DA:61,1
DA:62,0
DA:64,1
DA:69,2
DA:70,1
DA:71,1
DA:72,1
DA:73,0
DA:75,1
DA:80,2
DA:81,1
DA:82,1
DA:83,1
DA:84,0
DA:86,1
DA:91,2
DA:92,1
DA:93,1
DA:94,1
DA:95,0
DA:97,1
DA:102,2
DA:103,1
DA:104,1
DA:105,1
DA:106,0
DA:108,1
DA:112,2
DA:113,1
DA:114,1
DA:116,1
DA:117,1
DA:118,0
DA:121,1
DA:126,2
DA:127,1
DA:128,1
DA:130,1
DA:131,1
DA:132,0
DA:135,1
DA:138,1
DA:139,1
DA:141,0
DA:143,1
DA:148,2
DA:149,1
DA:150,1
DA:152,1
DA:153,1
DA:154,0
DA:157,1
DA:159,1
DA:160,1
DA:162,0
DA:164,1
DA:169,2
DA:170,1
DA:171,1
DA:173,1
DA:174,1
DA:175,0
DA:178,1
DA:183,2
DA:184,1
DA:185,1
DA:187,1
DA:188,1
DA:189,0
DA:192,1
DA:197,2
DA:198,1
DA:200,1
DA:201,1
DA:202,0
DA:204,1
DA:208,2
DA:209,1
DA:211,1
DA:212,1
DA:213,0
DA:215,1
DA:219,2
DA:220,1
DA:222,1
DA:223,1
DA:224,0
DA:226,1
DA:230,2
DA:231,1
DA:233,1
DA:234,1
DA:235,0
DA:237,1
DA:241,2
DA:242,1
DA:244,1
DA:245,1
DA:246,0
DA:248,1
DA:317,2
LF:124
LH:106
BRDA:50,0,0,0
BRDA:50,0,1,2
BRDA:61,1,0,0
BRDA:61,1,1,1
BRDA:72,2,0,0
BRDA:72,2,1,1
BRDA:83,3,0,0
BRDA:83,3,1,1
BRDA:94,4,0,0
BRDA:94,4,1,1
BRDA:105,5,0,0
BRDA:105,5,1,1
BRDA:117,6,0,0
BRDA:117,6,1,1
BRDA:131,7,0,0
BRDA:131,7,1,1
BRDA:139,8,0,0
BRDA:139,8,1,1
BRDA:153,9,0,0
BRDA:153,9,1,1
BRDA:160,10,0,0
BRDA:160,10,1,1
BRDA:174,11,0,0
BRDA:174,11,1,1
BRDA:188,12,0,0
BRDA:188,12,1,1
BRDA:201,13,0,0
BRDA:201,13,1,1
BRDA:212,14,0,0
BRDA:212,14,1,1
BRDA:223,15,0,0
BRDA:223,15,1,1
BRDA:234,16,0,0
BRDA:234,16,1,1
BRDA:245,17,0,0
BRDA:245,17,1,1
BRF:36
BRH:18
end_of_record
TN:
SF:db/smarthome.js
FN:11,(anonymous_0)
FN:37,(anonymous_1)
FN:39,(anonymous_2)
FNF:3
FNH:0
FNDA:0,(anonymous_0)
FNDA:0,(anonymous_1)
FNDA:0,(anonymous_2)
DA:1,2
DA:2,2
DA:9,2
DA:11,2
DA:12,0
DA:13,0
DA:19,0
DA:24,0
DA:37,0
DA:39,0
DA:41,0
DA:44,0
DA:45,0
DA:46,0
DA:75,2
LF:15
LH:5
BRF:0
BRH:0
end_of_record
TN:
SF:routes/index.js
FN:5,(anonymous_0)
FNF:1
FNH:0
FNDA:0,(anonymous_0)
DA:1,2
DA:2,2
DA:5,2
DA:6,0
DA:10,2
LF:5
LH:4
BRF:0
BRH:0
end_of_record
TN:
SF:routes/inventory.js
FN:6,(anonymous_0)
FN:20,(anonymous_1)
FN:25,(anonymous_2)
FN:30,(anonymous_3)
FN:35,(anonymous_4)
FN:40,(anonymous_5)
FN:52,(anonymous_6)
FN:64,(anonymous_7)
FN:73,(anonymous_8)
FN:82,(anonymous_9)
FN:91,(anonymous_10)
FNF:11
FNH:10
FNDA:0,(anonymous_0)
FNDA:1,(anonymous_1)
FNDA:1,(anonymous_2)
FNDA:1,(anonymous_3)
FNDA:1,(anonymous_4)
FNDA:1,(anonymous_5)
FNDA:1,(anonymous_6)
FNDA:1,(anonymous_7)
FNDA:1,(anonymous_8)
FNDA:1,(anonymous_9)
FNDA:1,(anonymous_10)
DA:1,2
DA:2,2
DA:4,2
DA:6,2
DA:7,0
DA:8,0
DA:15,0
DA:16,0
DA:20,2
DA:21,1
DA:22,0
DA:25,2
DA:26,1
DA:27,0
DA:30,2
DA:31,1
DA:32,0
DA:35,2
DA:36,1
DA:37,0
DA:40,2
DA:41,1
DA:43,1
DA:47,0
DA:48,0
DA:52,2
DA:53,1
DA:55,1
DA:59,0
DA:60,0
DA:64,2
DA:65,1
DA:67,1
DA:69,0
DA:70,0
DA:73,2
DA:74,1
DA:76,1
DA:78,0
DA:79,0
DA:82,2
DA:83,1
DA:85,1
DA:87,0
DA:88,0
DA:91,2
DA:92,1
DA:94,1
DA:96,0
DA:97,0
DA:116,2
LF:51
LH:31
BRF:0
BRH:0
end_of_record
TN:
SF:routes/promocode.js
FN:7,(anonymous_0)
FN:14,(anonymous_1)
FN:26,(anonymous_2)
FNF:3
FNH:3
FNDA:1,(anonymous_0)
FNDA:1,(anonymous_1)
FNDA:1,(anonymous_2)
DA:1,2
DA:2,2
DA:4,2
DA:7,2
DA:8,1
DA:9,1
DA:11,0
DA:14,2
DA:15,1
DA:17,1
DA:21,0
DA:22,0
DA:26,2
DA:27,1
DA:29,1
DA:31,0
DA:32,0
DA:35,2
LF:18
LH:13
BRF:0
BRH:0
end_of_record
TN:
SF:routes/public.js
FN:7,(anonymous_0)
FN:9,(anonymous_1)
FNF:2
FNH:0
FNDA:0,(anonymous_0)
FNDA:0,(anonymous_1)
DA:1,2
DA:2,2
DA:4,2
DA:5,2
DA:7,2
DA:8,0
DA:9,0
DA:10,0
DA:11,0
DA:13,0
DA:14,0
DA:19,2
LF:12
LH:6
BRDA:10,0,0,0
BRDA:10,0,1,0
BRF:2
BRH:0
end_of_record
TN:
SF:routes/smarthome.js
FN:7,(anonymous_0)
FNF:1
FNH:0
FNDA:0,(anonymous_0)
DA:1,2
DA:2,2
DA:4,2
DA:7,2
DA:8,0
DA:9,0
DA:10,0
DA:16,0
DA:21,2
LF:9
LH:5
BRF:0
BRH:0
end_of_record
TN:
SF:routes/users.js
FN:7,(anonymous_0)
FN:14,(anonymous_1)
FN:26,(anonymous_2)
FNF:3
FNH:3
FNDA:2,(anonymous_0)
FNDA:1,(anonymous_1)
FNDA:1,(anonymous_2)
DA:1,2
DA:2,2
DA:4,2
DA:7,2
DA:8,2
DA:9,2
DA:11,0
DA:14,2
DA:15,1
DA:17,1
DA:21,0
DA:22,0
DA:26,2
DA:27,1
DA:29,1
DA:31,0
DA:32,0
DA:35,2
LF:18
LH:13
BRF:0
BRH:0
end_of_record
