{"/Users/j/Desktop/2021_Kode_Tut/CafLaM_MEAN_Stack/app.js": {"path":"/Users/j/Desktop/2021_Kode_Tut/CafLaM_MEAN_Stack/app.js","statementMap":{"0":{"start":{"line":1,"column":18},"end":{"line":1,"column":40}},"1":{"start":{"line":2,"column":14},"end":{"line":2,"column":32}},"2":{"start":{"line":3,"column":11},"end":{"line":3,"column":26}},"3":{"start":{"line":4,"column":19},"end":{"line":4,"column":43}},"4":{"start":{"line":5,"column":13},"end":{"line":5,"column":30}},"5":{"start":{"line":6,"column":0},"end":{"line":6,"column":27}},"6":{"start":{"line":9,"column":18},"end":{"line":9,"column":43}},"7":{"start":{"line":10,"column":18},"end":{"line":10,"column":43}},"8":{"start":{"line":11,"column":22},"end":{"line":11,"column":51}},"9":{"start":{"line":12,"column":22},"end":{"line":12,"column":51}},"10":{"start":{"line":14,"column":19},"end":{"line":14,"column":45}},"11":{"start":{"line":25,"column":10},"end":{"line":25,"column":19}},"12":{"start":{"line":27,"column":0},"end":{"line":27,"column":23}},"13":{"start":{"line":29,"column":0},"end":{"line":29,"column":55}},"14":{"start":{"line":30,"column":0},"end":{"line":30,"column":46}},"15":{"start":{"line":31,"column":0},"end":{"line":31,"column":31}},"16":{"start":{"line":33,"column":0},"end":{"line":33,"column":24}},"17":{"start":{"line":34,"column":0},"end":{"line":34,"column":48}},"18":{"start":{"line":35,"column":0},"end":{"line":35,"column":24}},"19":{"start":{"line":38,"column":0},"end":{"line":38,"column":26}},"20":{"start":{"line":39,"column":0},"end":{"line":39,"column":31}},"21":{"start":{"line":40,"column":0},"end":{"line":40,"column":39}},"22":{"start":{"line":41,"column":0},"end":{"line":41,"column":39}},"23":{"start":{"line":46,"column":0},"end":{"line":46,"column":33}},"24":{"start":{"line":51,"column":0},"end":{"line":53,"column":3}},"25":{"start":{"line":52,"column":2},"end":{"line":52,"column":25}},"26":{"start":{"line":56,"column":0},"end":{"line":64,"column":3}},"27":{"start":{"line":58,"column":2},"end":{"line":58,"column":35}},"28":{"start":{"line":59,"column":2},"end":{"line":59,"column":69}},"29":{"start":{"line":62,"column":2},"end":{"line":62,"column":32}},"30":{"start":{"line":63,"column":2},"end":{"line":63,"column":22}},"31":{"start":{"line":65,"column":0},"end":{"line":69,"column":1}},"32":{"start":{"line":66,"column":2},"end":{"line":68,"column":4}},"33":{"start":{"line":67,"column":6},"end":{"line":67,"column":78}},"34":{"start":{"line":70,"column":0},"end":{"line":70,"column":21}}},"fnMap":{"0":{"name":"(anonymous_0)","decl":{"start":{"line":51,"column":8},"end":{"line":51,"column":9}},"loc":{"start":{"line":51,"column":33},"end":{"line":53,"column":1}},"line":51},"1":{"name":"(anonymous_1)","decl":{"start":{"line":56,"column":8},"end":{"line":56,"column":9}},"loc":{"start":{"line":56,"column":38},"end":{"line":64,"column":1}},"line":56},"2":{"name":"(anonymous_2)","decl":{"start":{"line":66,"column":41},"end":{"line":66,"column":42}},"loc":{"start":{"line":66,"column":47},"end":{"line":68,"column":3}},"line":66}},"branchMap":{"0":{"loc":{"start":{"line":59,"column":21},"end":{"line":59,"column":68}},"type":"cond-expr","locations":[{"start":{"line":59,"column":60},"end":{"line":59,"column":63}},{"start":{"line":59,"column":66},"end":{"line":59,"column":68}}],"line":59},"1":{"loc":{"start":{"line":62,"column":13},"end":{"line":62,"column":30}},"type":"binary-expr","locations":[{"start":{"line":62,"column":13},"end":{"line":62,"column":23}},{"start":{"line":62,"column":27},"end":{"line":62,"column":30}}],"line":62},"2":{"loc":{"start":{"line":65,"column":0},"end":{"line":69,"column":1}},"type":"if","locations":[{"start":{"line":65,"column":0},"end":{"line":69,"column":1}},{"start":{"line":65,"column":0},"end":{"line":69,"column":1}}],"line":65},"3":{"loc":{"start":{"line":66,"column":13},"end":{"line":66,"column":39}},"type":"binary-expr","locations":[{"start":{"line":66,"column":13},"end":{"line":66,"column":29}},{"start":{"line":66,"column":33},"end":{"line":66,"column":39}}],"line":66},"4":{"loc":{"start":{"line":67,"column":48},"end":{"line":67,"column":74}},"type":"binary-expr","locations":[{"start":{"line":67,"column":48},"end":{"line":67,"column":64}},{"start":{"line":67,"column":68},"end":{"line":67,"column":74}}],"line":67}},"s":{"0":1,"1":1,"2":1,"3":1,"4":1,"5":1,"6":1,"7":1,"8":1,"9":1,"10":1,"11":1,"12":1,"13":1,"14":1,"15":1,"16":1,"17":1,"18":1,"19":1,"20":1,"21":1,"22":1,"23":1,"24":1,"25":0,"26":1,"27":0,"28":0,"29":0,"30":0,"31":1,"32":0,"33":0,"34":1},"f":{"0":0,"1":0,"2":0},"b":{"0":[0,0],"1":[0,0],"2":[0,1],"3":[0,0],"4":[0,0]},"_coverageSchema":"1a1c01bbd47fc00a2c39e90264f33305004495a9","hash":"233fc68bce6aec2f8c250ed2bceb2c060be2c3dd"}
,"/Users/j/Desktop/2021_Kode_Tut/CafLaM_MEAN_Stack/db/index.js": {"path":"/Users/j/Desktop/2021_Kode_Tut/CafLaM_MEAN_Stack/db/index.js","statementMap":{"0":{"start":{"line":1,"column":14},"end":{"line":1,"column":31}},"1":{"start":{"line":2,"column":13},"end":{"line":2,"column":30}},"2":{"start":{"line":3,"column":0},"end":{"line":3,"column":27}},"3":{"start":{"line":5,"column":11},"end":{"line":5,"column":49}},"4":{"start":{"line":6,"column":19},"end":{"line":6,"column":65}},"5":{"start":{"line":8,"column":13},"end":{"line":8,"column":36}},"6":{"start":{"line":9,"column":13},"end":{"line":9,"column":32}},"7":{"start":{"line":10,"column":13},"end":{"line":10,"column":32}},"8":{"start":{"line":11,"column":16},"end":{"line":11,"column":35}},"9":{"start":{"line":12,"column":22},"end":{"line":19,"column":2}},"10":{"start":{"line":20,"column":17},"end":{"line":27,"column":2}},"11":{"start":{"line":28,"column":22},"end":{"line":35,"column":2}},"12":{"start":{"line":36,"column":19},"end":{"line":43,"column":2}},"13":{"start":{"line":45,"column":9},"end":{"line":45,"column":11}},"14":{"start":{"line":47,"column":0},"end":{"line":56,"column":2}},"15":{"start":{"line":48,"column":4},"end":{"line":55,"column":7}},"16":{"start":{"line":49,"column":8},"end":{"line":54,"column":11}},"17":{"start":{"line":50,"column":12},"end":{"line":52,"column":13}},"18":{"start":{"line":51,"column":14},"end":{"line":51,"column":33}},"19":{"start":{"line":53,"column":12},"end":{"line":53,"column":36}},"20":{"start":{"line":58,"column":0},"end":{"line":67,"column":2}},"21":{"start":{"line":59,"column":4},"end":{"line":66,"column":7}},"22":{"start":{"line":60,"column":8},"end":{"line":65,"column":11}},"23":{"start":{"line":61,"column":12},"end":{"line":63,"column":13}},"24":{"start":{"line":62,"column":14},"end":{"line":62,"column":33}},"25":{"start":{"line":64,"column":12},"end":{"line":64,"column":36}},"26":{"start":{"line":69,"column":0},"end":{"line":78,"column":2}},"27":{"start":{"line":70,"column":4},"end":{"line":77,"column":7}},"28":{"start":{"line":71,"column":8},"end":{"line":76,"column":11}},"29":{"start":{"line":72,"column":12},"end":{"line":74,"column":13}},"30":{"start":{"line":73,"column":14},"end":{"line":73,"column":33}},"31":{"start":{"line":75,"column":12},"end":{"line":75,"column":36}},"32":{"start":{"line":80,"column":0},"end":{"line":89,"column":2}},"33":{"start":{"line":81,"column":4},"end":{"line":88,"column":7}},"34":{"start":{"line":82,"column":8},"end":{"line":87,"column":11}},"35":{"start":{"line":83,"column":12},"end":{"line":85,"column":13}},"36":{"start":{"line":84,"column":14},"end":{"line":84,"column":33}},"37":{"start":{"line":86,"column":12},"end":{"line":86,"column":36}},"38":{"start":{"line":91,"column":0},"end":{"line":100,"column":2}},"39":{"start":{"line":92,"column":4},"end":{"line":99,"column":7}},"40":{"start":{"line":93,"column":8},"end":{"line":98,"column":11}},"41":{"start":{"line":94,"column":12},"end":{"line":96,"column":13}},"42":{"start":{"line":95,"column":14},"end":{"line":95,"column":33}},"43":{"start":{"line":97,"column":12},"end":{"line":97,"column":36}},"44":{"start":{"line":102,"column":0},"end":{"line":111,"column":2}},"45":{"start":{"line":103,"column":4},"end":{"line":110,"column":7}},"46":{"start":{"line":104,"column":8},"end":{"line":109,"column":11}},"47":{"start":{"line":105,"column":12},"end":{"line":107,"column":13}},"48":{"start":{"line":106,"column":14},"end":{"line":106,"column":33}},"49":{"start":{"line":108,"column":12},"end":{"line":108,"column":36}},"50":{"start":{"line":112,"column":0},"end":{"line":124,"column":2}},"51":{"start":{"line":113,"column":4},"end":{"line":123,"column":6}},"52":{"start":{"line":114,"column":19},"end":{"line":114,"column":43}},"53":{"start":{"line":116,"column":6},"end":{"line":122,"column":9}},"54":{"start":{"line":117,"column":10},"end":{"line":119,"column":11}},"55":{"start":{"line":118,"column":12},"end":{"line":118,"column":31}},"56":{"start":{"line":121,"column":10},"end":{"line":121,"column":34}},"57":{"start":{"line":126,"column":0},"end":{"line":146,"column":2}},"58":{"start":{"line":127,"column":4},"end":{"line":145,"column":6}},"59":{"start":{"line":128,"column":19},"end":{"line":128,"column":56}},"60":{"start":{"line":130,"column":6},"end":{"line":136,"column":9}},"61":{"start":{"line":131,"column":10},"end":{"line":133,"column":11}},"62":{"start":{"line":132,"column":12},"end":{"line":132,"column":31}},"63":{"start":{"line":135,"column":10},"end":{"line":135,"column":34}},"64":{"start":{"line":138,"column":6},"end":{"line":144,"column":9}},"65":{"start":{"line":139,"column":8},"end":{"line":142,"column":9}},"66":{"start":{"line":141,"column":10},"end":{"line":141,"column":29}},"67":{"start":{"line":143,"column":8},"end":{"line":143,"column":32}},"68":{"start":{"line":148,"column":0},"end":{"line":167,"column":2}},"69":{"start":{"line":149,"column":4},"end":{"line":166,"column":6}},"70":{"start":{"line":150,"column":19},"end":{"line":150,"column":76}},"71":{"start":{"line":152,"column":6},"end":{"line":158,"column":9}},"72":{"start":{"line":153,"column":10},"end":{"line":155,"column":11}},"73":{"start":{"line":154,"column":12},"end":{"line":154,"column":31}},"74":{"start":{"line":157,"column":10},"end":{"line":157,"column":34}},"75":{"start":{"line":159,"column":6},"end":{"line":165,"column":9}},"76":{"start":{"line":160,"column":8},"end":{"line":163,"column":9}},"77":{"start":{"line":162,"column":10},"end":{"line":162,"column":29}},"78":{"start":{"line":164,"column":8},"end":{"line":164,"column":32}},"79":{"start":{"line":169,"column":0},"end":{"line":181,"column":2}},"80":{"start":{"line":170,"column":4},"end":{"line":180,"column":6}},"81":{"start":{"line":171,"column":19},"end":{"line":171,"column":69}},"82":{"start":{"line":173,"column":6},"end":{"line":179,"column":9}},"83":{"start":{"line":174,"column":10},"end":{"line":176,"column":11}},"84":{"start":{"line":175,"column":12},"end":{"line":175,"column":31}},"85":{"start":{"line":178,"column":10},"end":{"line":178,"column":34}},"86":{"start":{"line":183,"column":0},"end":{"line":195,"column":2}},"87":{"start":{"line":184,"column":4},"end":{"line":194,"column":6}},"88":{"start":{"line":185,"column":19},"end":{"line":185,"column":99}},"89":{"start":{"line":187,"column":6},"end":{"line":193,"column":9}},"90":{"start":{"line":188,"column":10},"end":{"line":190,"column":11}},"91":{"start":{"line":189,"column":12},"end":{"line":189,"column":31}},"92":{"start":{"line":192,"column":10},"end":{"line":192,"column":34}},"93":{"start":{"line":197,"column":0},"end":{"line":207,"column":2}},"94":{"start":{"line":198,"column":4},"end":{"line":206,"column":6}},"95":{"start":{"line":200,"column":6},"end":{"line":205,"column":9}},"96":{"start":{"line":201,"column":10},"end":{"line":203,"column":11}},"97":{"start":{"line":202,"column":12},"end":{"line":202,"column":31}},"98":{"start":{"line":204,"column":10},"end":{"line":204,"column":34}},"99":{"start":{"line":208,"column":0},"end":{"line":218,"column":2}},"100":{"start":{"line":209,"column":4},"end":{"line":217,"column":6}},"101":{"start":{"line":211,"column":6},"end":{"line":216,"column":9}},"102":{"start":{"line":212,"column":10},"end":{"line":214,"column":11}},"103":{"start":{"line":213,"column":12},"end":{"line":213,"column":31}},"104":{"start":{"line":215,"column":10},"end":{"line":215,"column":34}},"105":{"start":{"line":219,"column":0},"end":{"line":229,"column":2}},"106":{"start":{"line":220,"column":4},"end":{"line":228,"column":6}},"107":{"start":{"line":222,"column":6},"end":{"line":227,"column":9}},"108":{"start":{"line":223,"column":10},"end":{"line":225,"column":11}},"109":{"start":{"line":224,"column":12},"end":{"line":224,"column":31}},"110":{"start":{"line":226,"column":10},"end":{"line":226,"column":34}},"111":{"start":{"line":230,"column":0},"end":{"line":240,"column":2}},"112":{"start":{"line":231,"column":4},"end":{"line":239,"column":6}},"113":{"start":{"line":233,"column":6},"end":{"line":238,"column":9}},"114":{"start":{"line":234,"column":10},"end":{"line":236,"column":11}},"115":{"start":{"line":235,"column":12},"end":{"line":235,"column":31}},"116":{"start":{"line":237,"column":10},"end":{"line":237,"column":34}},"117":{"start":{"line":241,"column":0},"end":{"line":251,"column":2}},"118":{"start":{"line":242,"column":4},"end":{"line":250,"column":6}},"119":{"start":{"line":244,"column":6},"end":{"line":249,"column":9}},"120":{"start":{"line":245,"column":10},"end":{"line":247,"column":11}},"121":{"start":{"line":246,"column":12},"end":{"line":246,"column":31}},"122":{"start":{"line":248,"column":10},"end":{"line":248,"column":34}},"123":{"start":{"line":317,"column":0},"end":{"line":317,"column":20}}},"fnMap":{"0":{"name":"(anonymous_0)","decl":{"start":{"line":47,"column":23},"end":{"line":47,"column":24}},"loc":{"start":{"line":47,"column":29},"end":{"line":56,"column":1}},"line":47},"1":{"name":"(anonymous_1)","decl":{"start":{"line":48,"column":23},"end":{"line":48,"column":24}},"loc":{"start":{"line":48,"column":44},"end":{"line":55,"column":5}},"line":48},"2":{"name":"(anonymous_2)","decl":{"start":{"line":49,"column":45},"end":{"line":49,"column":46}},"loc":{"start":{"line":49,"column":63},"end":{"line":54,"column":9}},"line":49},"3":{"name":"(anonymous_3)","decl":{"start":{"line":58,"column":25},"end":{"line":58,"column":26}},"loc":{"start":{"line":58,"column":31},"end":{"line":67,"column":1}},"line":58},"4":{"name":"(anonymous_4)","decl":{"start":{"line":59,"column":23},"end":{"line":59,"column":24}},"loc":{"start":{"line":59,"column":44},"end":{"line":66,"column":5}},"line":59},"5":{"name":"(anonymous_5)","decl":{"start":{"line":60,"column":61},"end":{"line":60,"column":62}},"loc":{"start":{"line":60,"column":79},"end":{"line":65,"column":9}},"line":60},"6":{"name":"(anonymous_6)","decl":{"start":{"line":69,"column":28},"end":{"line":69,"column":29}},"loc":{"start":{"line":69,"column":34},"end":{"line":78,"column":1}},"line":69},"7":{"name":"(anonymous_7)","decl":{"start":{"line":70,"column":23},"end":{"line":70,"column":24}},"loc":{"start":{"line":70,"column":44},"end":{"line":77,"column":5}},"line":70},"8":{"name":"(anonymous_8)","decl":{"start":{"line":71,"column":64},"end":{"line":71,"column":65}},"loc":{"start":{"line":71,"column":82},"end":{"line":76,"column":9}},"line":71},"9":{"name":"(anonymous_9)","decl":{"start":{"line":80,"column":30},"end":{"line":80,"column":31}},"loc":{"start":{"line":80,"column":36},"end":{"line":89,"column":1}},"line":80},"10":{"name":"(anonymous_10)","decl":{"start":{"line":81,"column":23},"end":{"line":81,"column":24}},"loc":{"start":{"line":81,"column":44},"end":{"line":88,"column":5}},"line":81},"11":{"name":"(anonymous_11)","decl":{"start":{"line":82,"column":105},"end":{"line":82,"column":106}},"loc":{"start":{"line":82,"column":123},"end":{"line":87,"column":9}},"line":82},"12":{"name":"(anonymous_12)","decl":{"start":{"line":91,"column":31},"end":{"line":91,"column":32}},"loc":{"start":{"line":91,"column":37},"end":{"line":100,"column":1}},"line":91},"13":{"name":"(anonymous_13)","decl":{"start":{"line":92,"column":23},"end":{"line":92,"column":24}},"loc":{"start":{"line":92,"column":44},"end":{"line":99,"column":5}},"line":92},"14":{"name":"(anonymous_14)","decl":{"start":{"line":93,"column":67},"end":{"line":93,"column":68}},"loc":{"start":{"line":93,"column":85},"end":{"line":98,"column":9}},"line":93},"15":{"name":"(anonymous_15)","decl":{"start":{"line":102,"column":20},"end":{"line":102,"column":21}},"loc":{"start":{"line":102,"column":26},"end":{"line":111,"column":1}},"line":102},"16":{"name":"(anonymous_16)","decl":{"start":{"line":103,"column":23},"end":{"line":103,"column":24}},"loc":{"start":{"line":103,"column":44},"end":{"line":110,"column":5}},"line":103},"17":{"name":"(anonymous_17)","decl":{"start":{"line":104,"column":60},"end":{"line":104,"column":61}},"loc":{"start":{"line":104,"column":78},"end":{"line":109,"column":9}},"line":104},"18":{"name":"(anonymous_18)","decl":{"start":{"line":112,"column":18},"end":{"line":112,"column":19}},"loc":{"start":{"line":112,"column":44},"end":{"line":124,"column":1}},"line":112},"19":{"name":"(anonymous_19)","decl":{"start":{"line":113,"column":23},"end":{"line":113,"column":24}},"loc":{"start":{"line":113,"column":44},"end":{"line":123,"column":4}},"line":113},"20":{"name":"(anonymous_20)","decl":{"start":{"line":116,"column":81},"end":{"line":116,"column":82}},"loc":{"start":{"line":116,"column":99},"end":{"line":122,"column":7}},"line":116},"21":{"name":"(anonymous_21)","decl":{"start":{"line":126,"column":28},"end":{"line":126,"column":29}},"loc":{"start":{"line":126,"column":67},"end":{"line":146,"column":1}},"line":126},"22":{"name":"(anonymous_22)","decl":{"start":{"line":127,"column":23},"end":{"line":127,"column":24}},"loc":{"start":{"line":127,"column":44},"end":{"line":145,"column":4}},"line":127},"23":{"name":"(anonymous_23)","decl":{"start":{"line":130,"column":109},"end":{"line":130,"column":110}},"loc":{"start":{"line":130,"column":127},"end":{"line":136,"column":7}},"line":130},"24":{"name":"(anonymous_24)","decl":{"start":{"line":138,"column":96},"end":{"line":138,"column":97}},"loc":{"start":{"line":138,"column":114},"end":{"line":144,"column":7}},"line":138},"25":{"name":"(anonymous_25)","decl":{"start":{"line":148,"column":31},"end":{"line":148,"column":32}},"loc":{"start":{"line":148,"column":90},"end":{"line":167,"column":1}},"line":148},"26":{"name":"(anonymous_26)","decl":{"start":{"line":149,"column":23},"end":{"line":149,"column":24}},"loc":{"start":{"line":149,"column":44},"end":{"line":166,"column":4}},"line":149},"27":{"name":"(anonymous_27)","decl":{"start":{"line":152,"column":134},"end":{"line":152,"column":135}},"loc":{"start":{"line":152,"column":152},"end":{"line":158,"column":7}},"line":152},"28":{"name":"(anonymous_28)","decl":{"start":{"line":159,"column":99},"end":{"line":159,"column":100}},"loc":{"start":{"line":159,"column":117},"end":{"line":165,"column":7}},"line":159},"29":{"name":"(anonymous_29)","decl":{"start":{"line":169,"column":34},"end":{"line":169,"column":35}},"loc":{"start":{"line":169,"column":86},"end":{"line":181,"column":1}},"line":169},"30":{"name":"(anonymous_30)","decl":{"start":{"line":170,"column":23},"end":{"line":170,"column":24}},"loc":{"start":{"line":170,"column":44},"end":{"line":180,"column":4}},"line":170},"31":{"name":"(anonymous_31)","decl":{"start":{"line":173,"column":130},"end":{"line":173,"column":131}},"loc":{"start":{"line":173,"column":148},"end":{"line":179,"column":7}},"line":173},"32":{"name":"(anonymous_32)","decl":{"start":{"line":183,"column":19},"end":{"line":183,"column":20}},"loc":{"start":{"line":183,"column":101},"end":{"line":195,"column":1}},"line":183},"33":{"name":"(anonymous_33)","decl":{"start":{"line":184,"column":23},"end":{"line":184,"column":24}},"loc":{"start":{"line":184,"column":44},"end":{"line":194,"column":4}},"line":184},"34":{"name":"(anonymous_34)","decl":{"start":{"line":187,"column":149},"end":{"line":187,"column":150}},"loc":{"start":{"line":187,"column":167},"end":{"line":193,"column":7}},"line":187},"35":{"name":"(anonymous_35)","decl":{"start":{"line":197,"column":33},"end":{"line":197,"column":34}},"loc":{"start":{"line":197,"column":39},"end":{"line":207,"column":1}},"line":197},"36":{"name":"(anonymous_36)","decl":{"start":{"line":198,"column":23},"end":{"line":198,"column":24}},"loc":{"start":{"line":198,"column":44},"end":{"line":206,"column":4}},"line":198},"37":{"name":"(anonymous_37)","decl":{"start":{"line":200,"column":84},"end":{"line":200,"column":85}},"loc":{"start":{"line":200,"column":102},"end":{"line":205,"column":7}},"line":200},"38":{"name":"(anonymous_38)","decl":{"start":{"line":208,"column":36},"end":{"line":208,"column":37}},"loc":{"start":{"line":208,"column":42},"end":{"line":218,"column":1}},"line":208},"39":{"name":"(anonymous_39)","decl":{"start":{"line":209,"column":23},"end":{"line":209,"column":24}},"loc":{"start":{"line":209,"column":44},"end":{"line":217,"column":4}},"line":209},"40":{"name":"(anonymous_40)","decl":{"start":{"line":211,"column":87},"end":{"line":211,"column":88}},"loc":{"start":{"line":211,"column":105},"end":{"line":216,"column":7}},"line":211},"41":{"name":"(anonymous_41)","decl":{"start":{"line":219,"column":39},"end":{"line":219,"column":40}},"loc":{"start":{"line":219,"column":45},"end":{"line":229,"column":1}},"line":219},"42":{"name":"(anonymous_42)","decl":{"start":{"line":220,"column":23},"end":{"line":220,"column":24}},"loc":{"start":{"line":220,"column":44},"end":{"line":228,"column":4}},"line":220},"43":{"name":"(anonymous_43)","decl":{"start":{"line":222,"column":84},"end":{"line":222,"column":85}},"loc":{"start":{"line":222,"column":102},"end":{"line":227,"column":7}},"line":222},"44":{"name":"(anonymous_44)","decl":{"start":{"line":230,"column":26},"end":{"line":230,"column":27}},"loc":{"start":{"line":230,"column":32},"end":{"line":240,"column":1}},"line":230},"45":{"name":"(anonymous_45)","decl":{"start":{"line":231,"column":23},"end":{"line":231,"column":24}},"loc":{"start":{"line":231,"column":44},"end":{"line":239,"column":4}},"line":231},"46":{"name":"(anonymous_46)","decl":{"start":{"line":233,"column":68},"end":{"line":233,"column":69}},"loc":{"start":{"line":233,"column":86},"end":{"line":238,"column":7}},"line":233},"47":{"name":"(anonymous_47)","decl":{"start":{"line":241,"column":27},"end":{"line":241,"column":28}},"loc":{"start":{"line":241,"column":33},"end":{"line":251,"column":1}},"line":241},"48":{"name":"(anonymous_48)","decl":{"start":{"line":242,"column":23},"end":{"line":242,"column":24}},"loc":{"start":{"line":242,"column":44},"end":{"line":250,"column":4}},"line":242},"49":{"name":"(anonymous_49)","decl":{"start":{"line":244,"column":91},"end":{"line":244,"column":92}},"loc":{"start":{"line":244,"column":109},"end":{"line":249,"column":7}},"line":244}},"branchMap":{"0":{"loc":{"start":{"line":50,"column":12},"end":{"line":52,"column":13}},"type":"if","locations":[{"start":{"line":50,"column":12},"end":{"line":52,"column":13}},{"start":{"line":50,"column":12},"end":{"line":52,"column":13}}],"line":50},"1":{"loc":{"start":{"line":61,"column":12},"end":{"line":63,"column":13}},"type":"if","locations":[{"start":{"line":61,"column":12},"end":{"line":63,"column":13}},{"start":{"line":61,"column":12},"end":{"line":63,"column":13}}],"line":61},"2":{"loc":{"start":{"line":72,"column":12},"end":{"line":74,"column":13}},"type":"if","locations":[{"start":{"line":72,"column":12},"end":{"line":74,"column":13}},{"start":{"line":72,"column":12},"end":{"line":74,"column":13}}],"line":72},"3":{"loc":{"start":{"line":83,"column":12},"end":{"line":85,"column":13}},"type":"if","locations":[{"start":{"line":83,"column":12},"end":{"line":85,"column":13}},{"start":{"line":83,"column":12},"end":{"line":85,"column":13}}],"line":83},"4":{"loc":{"start":{"line":94,"column":12},"end":{"line":96,"column":13}},"type":"if","locations":[{"start":{"line":94,"column":12},"end":{"line":96,"column":13}},{"start":{"line":94,"column":12},"end":{"line":96,"column":13}}],"line":94},"5":{"loc":{"start":{"line":105,"column":12},"end":{"line":107,"column":13}},"type":"if","locations":[{"start":{"line":105,"column":12},"end":{"line":107,"column":13}},{"start":{"line":105,"column":12},"end":{"line":107,"column":13}}],"line":105},"6":{"loc":{"start":{"line":117,"column":10},"end":{"line":119,"column":11}},"type":"if","locations":[{"start":{"line":117,"column":10},"end":{"line":119,"column":11}},{"start":{"line":117,"column":10},"end":{"line":119,"column":11}}],"line":117},"7":{"loc":{"start":{"line":131,"column":10},"end":{"line":133,"column":11}},"type":"if","locations":[{"start":{"line":131,"column":10},"end":{"line":133,"column":11}},{"start":{"line":131,"column":10},"end":{"line":133,"column":11}}],"line":131},"8":{"loc":{"start":{"line":139,"column":8},"end":{"line":142,"column":9}},"type":"if","locations":[{"start":{"line":139,"column":8},"end":{"line":142,"column":9}},{"start":{"line":139,"column":8},"end":{"line":142,"column":9}}],"line":139},"9":{"loc":{"start":{"line":153,"column":10},"end":{"line":155,"column":11}},"type":"if","locations":[{"start":{"line":153,"column":10},"end":{"line":155,"column":11}},{"start":{"line":153,"column":10},"end":{"line":155,"column":11}}],"line":153},"10":{"loc":{"start":{"line":160,"column":8},"end":{"line":163,"column":9}},"type":"if","locations":[{"start":{"line":160,"column":8},"end":{"line":163,"column":9}},{"start":{"line":160,"column":8},"end":{"line":163,"column":9}}],"line":160},"11":{"loc":{"start":{"line":174,"column":10},"end":{"line":176,"column":11}},"type":"if","locations":[{"start":{"line":174,"column":10},"end":{"line":176,"column":11}},{"start":{"line":174,"column":10},"end":{"line":176,"column":11}}],"line":174},"12":{"loc":{"start":{"line":188,"column":10},"end":{"line":190,"column":11}},"type":"if","locations":[{"start":{"line":188,"column":10},"end":{"line":190,"column":11}},{"start":{"line":188,"column":10},"end":{"line":190,"column":11}}],"line":188},"13":{"loc":{"start":{"line":201,"column":10},"end":{"line":203,"column":11}},"type":"if","locations":[{"start":{"line":201,"column":10},"end":{"line":203,"column":11}},{"start":{"line":201,"column":10},"end":{"line":203,"column":11}}],"line":201},"14":{"loc":{"start":{"line":212,"column":10},"end":{"line":214,"column":11}},"type":"if","locations":[{"start":{"line":212,"column":10},"end":{"line":214,"column":11}},{"start":{"line":212,"column":10},"end":{"line":214,"column":11}}],"line":212},"15":{"loc":{"start":{"line":223,"column":10},"end":{"line":225,"column":11}},"type":"if","locations":[{"start":{"line":223,"column":10},"end":{"line":225,"column":11}},{"start":{"line":223,"column":10},"end":{"line":225,"column":11}}],"line":223},"16":{"loc":{"start":{"line":234,"column":10},"end":{"line":236,"column":11}},"type":"if","locations":[{"start":{"line":234,"column":10},"end":{"line":236,"column":11}},{"start":{"line":234,"column":10},"end":{"line":236,"column":11}}],"line":234},"17":{"loc":{"start":{"line":245,"column":10},"end":{"line":247,"column":11}},"type":"if","locations":[{"start":{"line":245,"column":10},"end":{"line":247,"column":11}},{"start":{"line":245,"column":10},"end":{"line":247,"column":11}}],"line":245}},"s":{"0":1,"1":1,"2":1,"3":1,"4":1,"5":1,"6":1,"7":1,"8":1,"9":1,"10":1,"11":1,"12":1,"13":1,"14":1,"15":2,"16":2,"17":2,"18":0,"19":2,"20":1,"21":1,"22":1,"23":1,"24":0,"25":1,"26":1,"27":1,"28":1,"29":1,"30":0,"31":1,"32":1,"33":1,"34":1,"35":1,"36":0,"37":1,"38":1,"39":1,"40":1,"41":1,"42":0,"43":1,"44":1,"45":1,"46":1,"47":1,"48":0,"49":1,"50":1,"51":1,"52":1,"53":1,"54":1,"55":0,"56":1,"57":1,"58":1,"59":1,"60":1,"61":1,"62":0,"63":1,"64":1,"65":1,"66":0,"67":1,"68":1,"69":1,"70":1,"71":1,"72":1,"73":0,"74":1,"75":1,"76":1,"77":0,"78":1,"79":1,"80":1,"81":1,"82":1,"83":1,"84":0,"85":1,"86":1,"87":1,"88":1,"89":1,"90":1,"91":0,"92":1,"93":1,"94":1,"95":1,"96":1,"97":0,"98":1,"99":1,"100":1,"101":1,"102":1,"103":0,"104":1,"105":1,"106":1,"107":1,"108":1,"109":0,"110":1,"111":1,"112":1,"113":1,"114":1,"115":0,"116":1,"117":1,"118":1,"119":1,"120":1,"121":0,"122":1,"123":1},"f":{"0":2,"1":2,"2":2,"3":1,"4":1,"5":1,"6":1,"7":1,"8":1,"9":1,"10":1,"11":1,"12":1,"13":1,"14":1,"15":1,"16":1,"17":1,"18":1,"19":1,"20":1,"21":1,"22":1,"23":1,"24":1,"25":1,"26":1,"27":1,"28":1,"29":1,"30":1,"31":1,"32":1,"33":1,"34":1,"35":1,"36":1,"37":1,"38":1,"39":1,"40":1,"41":1,"42":1,"43":1,"44":1,"45":1,"46":1,"47":1,"48":1,"49":1},"b":{"0":[0,2],"1":[0,1],"2":[0,1],"3":[0,1],"4":[0,1],"5":[0,1],"6":[0,1],"7":[0,1],"8":[0,1],"9":[0,1],"10":[0,1],"11":[0,1],"12":[0,1],"13":[0,1],"14":[0,1],"15":[0,1],"16":[0,1],"17":[0,1]},"_coverageSchema":"1a1c01bbd47fc00a2c39e90264f33305004495a9","hash":"8caaef11508eb5005da9467e68836931c23ad7db"}
,"/Users/j/Desktop/2021_Kode_Tut/CafLaM_MEAN_Stack/routes/index.js": {"path":"/Users/j/Desktop/2021_Kode_Tut/CafLaM_MEAN_Stack/routes/index.js","statementMap":{"0":{"start":{"line":1,"column":14},"end":{"line":1,"column":32}},"1":{"start":{"line":2,"column":13},"end":{"line":2,"column":29}},"2":{"start":{"line":5,"column":0},"end":{"line":7,"column":3}},"3":{"start":{"line":6,"column":2},"end":{"line":6,"column":27}},"4":{"start":{"line":10,"column":0},"end":{"line":10,"column":24}}},"fnMap":{"0":{"name":"(anonymous_0)","decl":{"start":{"line":5,"column":16},"end":{"line":5,"column":17}},"loc":{"start":{"line":5,"column":41},"end":{"line":7,"column":1}},"line":5}},"branchMap":{},"s":{"0":1,"1":1,"2":1,"3":0,"4":1},"f":{"0":0},"b":{},"_coverageSchema":"1a1c01bbd47fc00a2c39e90264f33305004495a9","hash":"a659cf92fbccf2dfba05d7b162ef4ec5ed0ef9f6"}
,"/Users/j/Desktop/2021_Kode_Tut/CafLaM_MEAN_Stack/routes/inventory.js": {"path":"/Users/j/Desktop/2021_Kode_Tut/CafLaM_MEAN_Stack/routes/inventory.js","statementMap":{"0":{"start":{"line":1,"column":16},"end":{"line":1,"column":34}},"1":{"start":{"line":2,"column":11},"end":{"line":2,"column":27}},"2":{"start":{"line":4,"column":13},"end":{"line":4,"column":29}},"3":{"start":{"line":6,"column":0},"end":{"line":18,"column":3}},"4":{"start":{"line":7,"column":2},"end":{"line":17,"column":3}},"5":{"start":{"line":8,"column":4},"end":{"line":13,"column":7}},"6":{"start":{"line":15,"column":4},"end":{"line":15,"column":19}},"7":{"start":{"line":16,"column":4},"end":{"line":16,"column":24}},"8":{"start":{"line":20,"column":0},"end":{"line":23,"column":3}},"9":{"start":{"line":21,"column":2},"end":{"line":22,"column":49}},"10":{"start":{"line":21,"column":7},"end":{"line":21,"column":66}},"11":{"start":{"line":22,"column":13},"end":{"line":22,"column":28}},"12":{"start":{"line":22,"column":28},"end":{"line":22,"column":48}},"13":{"start":{"line":25,"column":0},"end":{"line":28,"column":3}},"14":{"start":{"line":26,"column":2},"end":{"line":27,"column":49}},"15":{"start":{"line":26,"column":7},"end":{"line":26,"column":72}},"16":{"start":{"line":27,"column":13},"end":{"line":27,"column":28}},"17":{"start":{"line":27,"column":28},"end":{"line":27,"column":48}},"18":{"start":{"line":30,"column":0},"end":{"line":33,"column":3}},"19":{"start":{"line":31,"column":2},"end":{"line":32,"column":49}},"20":{"start":{"line":31,"column":7},"end":{"line":31,"column":76}},"21":{"start":{"line":32,"column":13},"end":{"line":32,"column":28}},"22":{"start":{"line":32,"column":28},"end":{"line":32,"column":48}},"23":{"start":{"line":35,"column":0},"end":{"line":38,"column":3}},"24":{"start":{"line":36,"column":2},"end":{"line":37,"column":49}},"25":{"start":{"line":36,"column":7},"end":{"line":36,"column":78}},"26":{"start":{"line":37,"column":13},"end":{"line":37,"column":28}},"27":{"start":{"line":37,"column":28},"end":{"line":37,"column":48}},"28":{"start":{"line":40,"column":0},"end":{"line":50,"column":3}},"29":{"start":{"line":41,"column":2},"end":{"line":49,"column":3}},"30":{"start":{"line":43,"column":4},"end":{"line":45,"column":6}},"31":{"start":{"line":47,"column":4},"end":{"line":47,"column":19}},"32":{"start":{"line":48,"column":4},"end":{"line":48,"column":24}},"33":{"start":{"line":52,"column":0},"end":{"line":62,"column":3}},"34":{"start":{"line":53,"column":2},"end":{"line":61,"column":3}},"35":{"start":{"line":55,"column":4},"end":{"line":57,"column":7}},"36":{"start":{"line":59,"column":4},"end":{"line":59,"column":19}},"37":{"start":{"line":60,"column":4},"end":{"line":60,"column":24}},"38":{"start":{"line":64,"column":0},"end":{"line":72,"column":3}},"39":{"start":{"line":65,"column":2},"end":{"line":71,"column":3}},"40":{"start":{"line":67,"column":4},"end":{"line":67,"column":224}},"41":{"start":{"line":69,"column":4},"end":{"line":69,"column":19}},"42":{"start":{"line":70,"column":4},"end":{"line":70,"column":24}},"43":{"start":{"line":73,"column":0},"end":{"line":81,"column":3}},"44":{"start":{"line":74,"column":2},"end":{"line":80,"column":3}},"45":{"start":{"line":76,"column":4},"end":{"line":76,"column":108}},"46":{"start":{"line":78,"column":4},"end":{"line":78,"column":19}},"47":{"start":{"line":79,"column":4},"end":{"line":79,"column":24}},"48":{"start":{"line":82,"column":0},"end":{"line":90,"column":3}},"49":{"start":{"line":83,"column":2},"end":{"line":89,"column":3}},"50":{"start":{"line":85,"column":4},"end":{"line":85,"column":114}},"51":{"start":{"line":87,"column":4},"end":{"line":87,"column":19}},"52":{"start":{"line":88,"column":4},"end":{"line":88,"column":24}},"53":{"start":{"line":91,"column":0},"end":{"line":99,"column":3}},"54":{"start":{"line":92,"column":2},"end":{"line":98,"column":3}},"55":{"start":{"line":94,"column":4},"end":{"line":94,"column":120}},"56":{"start":{"line":96,"column":4},"end":{"line":96,"column":19}},"57":{"start":{"line":97,"column":4},"end":{"line":97,"column":24}},"58":{"start":{"line":116,"column":0},"end":{"line":116,"column":24}}},"fnMap":{"0":{"name":"(anonymous_0)","decl":{"start":{"line":6,"column":16},"end":{"line":6,"column":17}},"loc":{"start":{"line":6,"column":42},"end":{"line":18,"column":1}},"line":6},"1":{"name":"(anonymous_1)","decl":{"start":{"line":20,"column":21},"end":{"line":20,"column":22}},"loc":{"start":{"line":20,"column":47},"end":{"line":23,"column":1}},"line":20},"2":{"name":"(anonymous_2)","decl":{"start":{"line":25,"column":24},"end":{"line":25,"column":25}},"loc":{"start":{"line":25,"column":50},"end":{"line":28,"column":1}},"line":25},"3":{"name":"(anonymous_3)","decl":{"start":{"line":30,"column":26},"end":{"line":30,"column":27}},"loc":{"start":{"line":30,"column":52},"end":{"line":33,"column":1}},"line":30},"4":{"name":"(anonymous_4)","decl":{"start":{"line":35,"column":27},"end":{"line":35,"column":28}},"loc":{"start":{"line":35,"column":53},"end":{"line":38,"column":1}},"line":35},"5":{"name":"(anonymous_5)","decl":{"start":{"line":40,"column":54},"end":{"line":40,"column":55}},"loc":{"start":{"line":40,"column":80},"end":{"line":50,"column":1}},"line":40},"6":{"name":"(anonymous_6)","decl":{"start":{"line":52,"column":79},"end":{"line":52,"column":80}},"loc":{"start":{"line":52,"column":105},"end":{"line":62,"column":1}},"line":52},"7":{"name":"(anonymous_7)","decl":{"start":{"line":64,"column":75},"end":{"line":64,"column":76}},"loc":{"start":{"line":64,"column":101},"end":{"line":72,"column":1}},"line":64},"8":{"name":"(anonymous_8)","decl":{"start":{"line":73,"column":29},"end":{"line":73,"column":30}},"loc":{"start":{"line":73,"column":55},"end":{"line":81,"column":1}},"line":73},"9":{"name":"(anonymous_9)","decl":{"start":{"line":82,"column":32},"end":{"line":82,"column":33}},"loc":{"start":{"line":82,"column":58},"end":{"line":90,"column":1}},"line":82},"10":{"name":"(anonymous_10)","decl":{"start":{"line":91,"column":35},"end":{"line":91,"column":36}},"loc":{"start":{"line":91,"column":61},"end":{"line":99,"column":1}},"line":91}},"branchMap":{},"s":{"0":1,"1":1,"2":1,"3":1,"4":0,"5":0,"6":0,"7":0,"8":1,"9":1,"10":1,"11":0,"12":0,"13":1,"14":1,"15":1,"16":0,"17":0,"18":1,"19":1,"20":1,"21":0,"22":0,"23":1,"24":1,"25":1,"26":0,"27":0,"28":1,"29":1,"30":1,"31":0,"32":0,"33":1,"34":1,"35":1,"36":0,"37":0,"38":1,"39":1,"40":1,"41":0,"42":0,"43":1,"44":1,"45":1,"46":0,"47":0,"48":1,"49":1,"50":1,"51":0,"52":0,"53":1,"54":1,"55":1,"56":0,"57":0,"58":1},"f":{"0":0,"1":1,"2":1,"3":1,"4":1,"5":1,"6":1,"7":1,"8":1,"9":1,"10":1},"b":{},"_coverageSchema":"1a1c01bbd47fc00a2c39e90264f33305004495a9","hash":"5f5b75ba4efa40248101e1e3385d0786473f7f57"}
,"/Users/j/Desktop/2021_Kode_Tut/CafLaM_MEAN_Stack/routes/promocode.js": {"path":"/Users/j/Desktop/2021_Kode_Tut/CafLaM_MEAN_Stack/routes/promocode.js","statementMap":{"0":{"start":{"line":1,"column":16},"end":{"line":1,"column":34}},"1":{"start":{"line":2,"column":11},"end":{"line":2,"column":27}},"2":{"start":{"line":4,"column":13},"end":{"line":4,"column":29}},"3":{"start":{"line":7,"column":0},"end":{"line":12,"column":3}},"4":{"start":{"line":8,"column":2},"end":{"line":11,"column":49}},"5":{"start":{"line":9,"column":4},"end":{"line":9,"column":54}},"6":{"start":{"line":11,"column":13},"end":{"line":11,"column":28}},"7":{"start":{"line":11,"column":28},"end":{"line":11,"column":48}},"8":{"start":{"line":14,"column":0},"end":{"line":24,"column":3}},"9":{"start":{"line":15,"column":2},"end":{"line":23,"column":3}},"10":{"start":{"line":17,"column":4},"end":{"line":19,"column":6}},"11":{"start":{"line":21,"column":4},"end":{"line":21,"column":19}},"12":{"start":{"line":22,"column":4},"end":{"line":22,"column":24}},"13":{"start":{"line":26,"column":0},"end":{"line":34,"column":3}},"14":{"start":{"line":27,"column":2},"end":{"line":33,"column":3}},"15":{"start":{"line":29,"column":4},"end":{"line":29,"column":85}},"16":{"start":{"line":31,"column":4},"end":{"line":31,"column":19}},"17":{"start":{"line":32,"column":4},"end":{"line":32,"column":24}},"18":{"start":{"line":35,"column":0},"end":{"line":35,"column":24}}},"fnMap":{"0":{"name":"(anonymous_0)","decl":{"start":{"line":7,"column":16},"end":{"line":7,"column":17}},"loc":{"start":{"line":7,"column":42},"end":{"line":12,"column":1}},"line":7},"1":{"name":"(anonymous_1)","decl":{"start":{"line":14,"column":89},"end":{"line":14,"column":90}},"loc":{"start":{"line":14,"column":115},"end":{"line":24,"column":1}},"line":14},"2":{"name":"(anonymous_2)","decl":{"start":{"line":26,"column":23},"end":{"line":26,"column":24}},"loc":{"start":{"line":26,"column":49},"end":{"line":34,"column":1}},"line":26}},"branchMap":{},"s":{"0":1,"1":1,"2":1,"3":1,"4":1,"5":1,"6":0,"7":0,"8":1,"9":1,"10":1,"11":0,"12":0,"13":1,"14":1,"15":1,"16":0,"17":0,"18":1},"f":{"0":1,"1":1,"2":1},"b":{},"_coverageSchema":"1a1c01bbd47fc00a2c39e90264f33305004495a9","hash":"5b354242e801d2f9db6ad0b6e361b18fbe90322a"}
,"/Users/j/Desktop/2021_Kode_Tut/CafLaM_MEAN_Stack/routes/public.js": {"path":"/Users/j/Desktop/2021_Kode_Tut/CafLaM_MEAN_Stack/routes/public.js","statementMap":{"0":{"start":{"line":1,"column":16},"end":{"line":1,"column":34}},"1":{"start":{"line":2,"column":11},"end":{"line":2,"column":27}},"2":{"start":{"line":4,"column":13},"end":{"line":4,"column":29}},"3":{"start":{"line":5,"column":0},"end":{"line":5,"column":42}},"4":{"start":{"line":7,"column":0},"end":{"line":17,"column":3}},"5":{"start":{"line":8,"column":13},"end":{"line":8,"column":32}},"6":{"start":{"line":9,"column":2},"end":{"line":16,"column":7}},"7":{"start":{"line":10,"column":8},"end":{"line":15,"column":9}},"8":{"start":{"line":11,"column":12},"end":{"line":11,"column":22}},"9":{"start":{"line":13,"column":12},"end":{"line":13,"column":39}},"10":{"start":{"line":14,"column":12},"end":{"line":14,"column":19}},"11":{"start":{"line":19,"column":0},"end":{"line":19,"column":24}}},"fnMap":{"0":{"name":"(anonymous_0)","decl":{"start":{"line":7,"column":16},"end":{"line":7,"column":17}},"loc":{"start":{"line":7,"column":42},"end":{"line":17,"column":1}},"line":7},"1":{"name":"(anonymous_1)","decl":{"start":{"line":9,"column":29},"end":{"line":9,"column":30}},"loc":{"start":{"line":9,"column":44},"end":{"line":16,"column":5}},"line":9}},"branchMap":{"0":{"loc":{"start":{"line":10,"column":8},"end":{"line":15,"column":9}},"type":"if","locations":[{"start":{"line":10,"column":8},"end":{"line":15,"column":9}},{"start":{"line":10,"column":8},"end":{"line":15,"column":9}}],"line":10}},"s":{"0":1,"1":1,"2":1,"3":1,"4":1,"5":0,"6":0,"7":0,"8":0,"9":0,"10":0,"11":1},"f":{"0":0,"1":0},"b":{"0":[0,0]},"_coverageSchema":"1a1c01bbd47fc00a2c39e90264f33305004495a9","hash":"f8aaacbab3879c1bdd5a8cfdfd293a0e9a104748"}
,"/Users/j/Desktop/2021_Kode_Tut/CafLaM_MEAN_Stack/routes/users.js": {"path":"/Users/j/Desktop/2021_Kode_Tut/CafLaM_MEAN_Stack/routes/users.js","statementMap":{"0":{"start":{"line":1,"column":16},"end":{"line":1,"column":34}},"1":{"start":{"line":2,"column":11},"end":{"line":2,"column":27}},"2":{"start":{"line":4,"column":13},"end":{"line":4,"column":29}},"3":{"start":{"line":7,"column":0},"end":{"line":12,"column":3}},"4":{"start":{"line":8,"column":2},"end":{"line":11,"column":49}},"5":{"start":{"line":9,"column":4},"end":{"line":9,"column":56}},"6":{"start":{"line":11,"column":13},"end":{"line":11,"column":28}},"7":{"start":{"line":11,"column":28},"end":{"line":11,"column":48}},"8":{"start":{"line":14,"column":0},"end":{"line":24,"column":3}},"9":{"start":{"line":15,"column":2},"end":{"line":23,"column":3}},"10":{"start":{"line":17,"column":4},"end":{"line":19,"column":6}},"11":{"start":{"line":21,"column":4},"end":{"line":21,"column":19}},"12":{"start":{"line":22,"column":4},"end":{"line":22,"column":24}},"13":{"start":{"line":26,"column":0},"end":{"line":34,"column":3}},"14":{"start":{"line":27,"column":2},"end":{"line":33,"column":3}},"15":{"start":{"line":29,"column":4},"end":{"line":29,"column":83}},"16":{"start":{"line":31,"column":4},"end":{"line":31,"column":19}},"17":{"start":{"line":32,"column":4},"end":{"line":32,"column":24}},"18":{"start":{"line":35,"column":0},"end":{"line":35,"column":24}}},"fnMap":{"0":{"name":"(anonymous_0)","decl":{"start":{"line":7,"column":16},"end":{"line":7,"column":17}},"loc":{"start":{"line":7,"column":42},"end":{"line":12,"column":1}},"line":7},"1":{"name":"(anonymous_1)","decl":{"start":{"line":14,"column":36},"end":{"line":14,"column":37}},"loc":{"start":{"line":14,"column":62},"end":{"line":24,"column":1}},"line":14},"2":{"name":"(anonymous_2)","decl":{"start":{"line":26,"column":23},"end":{"line":26,"column":24}},"loc":{"start":{"line":26,"column":49},"end":{"line":34,"column":1}},"line":26}},"branchMap":{},"s":{"0":1,"1":1,"2":1,"3":1,"4":2,"5":2,"6":0,"7":0,"8":1,"9":1,"10":1,"11":0,"12":0,"13":1,"14":1,"15":1,"16":0,"17":0,"18":1},"f":{"0":2,"1":1,"2":1},"b":{},"_coverageSchema":"1a1c01bbd47fc00a2c39e90264f33305004495a9","hash":"7c784a3d80cc15a3a3f4c1c9fb60ed8a922b5057"}
}
